Log file open, 10/24/22 20:38:24
LogWindows: Failed to load 'aqProf.dll' (GetLastError=126)
LogWindows: File 'aqProf.dll' does not exist
LogWindows: Failed to load 'VtuneApi.dll' (GetLastError=126)
LogWindows: File 'VtuneApi.dll' does not exist
LogWindows: Failed to load 'VtuneApi32e.dll' (GetLastError=126)
LogWindows: File 'VtuneApi32e.dll' does not exist
LogConsoleResponse: Display: Failed to find resolution value strings in scalability ini. Falling back to default.
LogConsoleResponse: Display: Failed to find resolution value strings in scalability ini. Falling back to default.
LogInit: Display: Running engine for game: BrickBreaker
LogPlatformFile: Not using cached read wrapper
LogTaskGraph: Started task graph with 5 named threads and 23 total threads with 3 sets of task threads.
LogStats: Stats thread started at 0.213613
LogICUInternationalization: ICU TimeZone Detection - Raw Offset: -4:00, Platform Override: ''
LogInit: Display: Loading text-based GConfig....
LogPluginManager: Mounting plugin MeshPainting
LogPluginManager: Mounting plugin XGEController
LogPluginManager: Mounting plugin Paper2D
LogPluginManager: Mounting plugin LiveLink
LogPluginManager: Mounting plugin AISupport
LogPluginManager: Mounting plugin EnvironmentQueryEditor
LogPluginManager: Mounting plugin LightPropagationVolume
LogPluginManager: Mounting plugin CameraShakePreviewer
LogPluginManager: Mounting plugin GameplayCameras
LogPluginManager: Mounting plugin OodleData
LogPluginManager: Mounting plugin OodleNetwork
LogPluginManager: Mounting plugin AnimationSharing
LogPluginManager: Mounting plugin CLionSourceCodeAccess
LogPluginManager: Mounting plugin CodeLiteSourceCodeAccess
LogPluginManager: Mounting plugin GitSourceControl
LogPluginManager: Mounting plugin KDevelopSourceCodeAccess
LogPluginManager: Mounting plugin NullSourceCodeAccess
LogPluginManager: Mounting plugin PixWinPlugin
LogPluginManager: Mounting plugin PerforceSourceControl
LogPluginManager: Mounting plugin PlasticSourceControl
LogPluginManager: Mounting plugin PluginUtils
LogPluginManager: Mounting plugin PropertyAccessNode
LogPluginManager: Mounting plugin SubversionSourceControl
LogPluginManager: Mounting plugin RiderSourceCodeAccess
LogPluginManager: Mounting plugin TextureFormatOodle
LogPluginManager: Mounting plugin UObjectPlugin
LogPluginManager: Mounting plugin VisualStudioCodeSourceCodeAccess
LogPluginManager: Mounting plugin VisualStudioSourceCodeAccess
LogPluginManager: Mounting plugin XCodeSourceCodeAccess
LogPluginManager: Mounting plugin AssetManagerEditor
LogPluginManager: Mounting plugin CryptoKeys
LogPluginManager: Mounting plugin DataValidation
LogPluginManager: Mounting plugin CurveEditorTools
LogPluginManager: Mounting plugin FacialAnimation
LogPluginManager: Mounting plugin GameplayTagsEditor
LogPluginManager: Mounting plugin GeometryMode
LogPluginManager: Mounting plugin MacGraphicsSwitching
LogPluginManager: Mounting plugin MaterialAnalyzer
LogPluginManager: Mounting plugin DatasmithContent
LogPluginManager: Mounting plugin MobileLauncherProfileWizard
LogPluginManager: Mounting plugin PluginBrowser
LogPluginManager: Mounting plugin SpeedTreeImporter
LogPluginManager: Mounting plugin VariantManagerContent
LogPluginManager: Mounting plugin Niagara
LogPluginManager: Mounting plugin AlembicImporter
LogPluginManager: Mounting plugin AutomationUtils
LogPluginManager: Mounting plugin BackChannel
LogPluginManager: Mounting plugin ChaosCloth
LogPluginManager: Mounting plugin ChaosClothEditor
LogPluginManager: Mounting plugin ChaosEditor
LogPluginManager: Mounting plugin ChaosNiagara
LogPluginManager: Mounting plugin ChaosSolverPlugin
LogPluginManager: Mounting plugin CharacterAI
LogPluginManager: Mounting plugin LuminPlatformFeatures
LogPluginManager: Mounting plugin MagicLeap
LogPluginManager: Mounting plugin MagicLeapLightEstimation
LogPluginManager: Mounting plugin MagicLeapMedia
LogPluginManager: Mounting plugin MagicLeapPassableWorld
LogPluginManager: Mounting plugin MLSDK
LogPluginManager: Mounting plugin GeometryCache
LogPluginManager: Mounting plugin GeometryCollectionPlugin
LogPluginManager: Mounting plugin GeometryProcessing
LogPluginManager: Mounting plugin OpenImageDenoise
LogPluginManager: Mounting plugin MotoSynth
LogPluginManager: Mounting plugin PlanarCut
LogPluginManager: Mounting plugin PlatformCrypto
LogPluginManager: Mounting plugin ProxyLODPlugin
LogPluginManager: Mounting plugin PythonScriptPlugin
LogPluginManager: Mounting plugin SkeletalReduction
LogPluginManager: Mounting plugin AndroidMedia
LogPluginManager: Mounting plugin AvfMedia
LogPluginManager: Mounting plugin ImgMedia
LogPluginManager: Mounting plugin MediaCompositing
LogPluginManager: Mounting plugin MediaPlayerEditor
LogPluginManager: Mounting plugin WebMMedia
LogPluginManager: Mounting plugin WmfMedia
LogPluginManager: Mounting plugin TcpMessaging
LogPluginManager: Mounting plugin UdpMessaging
LogPluginManager: Mounting plugin ActorSequence
LogPluginManager: Mounting plugin MatineeToLevelSequence
LogPluginManager: Mounting plugin LevelSequenceEditor
LogPluginManager: Mounting plugin TemplateSequence
LogPluginManager: Mounting plugin LauncherChunkInstaller
LogPluginManager: Mounting plugin OnlineSubsystem
LogPluginManager: Mounting plugin OnlineSubsystemNull
LogPluginManager: Mounting plugin OnlineSubsystemUtils
LogPluginManager: Mounting plugin ActorLayerUtilities
LogPluginManager: Mounting plugin AndroidDeviceProfileSelector
LogPluginManager: Mounting plugin AndroidPermission
LogPluginManager: Mounting plugin AndroidMoviePlayer
LogPluginManager: Mounting plugin AppleImageUtils
LogPluginManager: Mounting plugin AppleMoviePlayer
LogPluginManager: Mounting plugin ArchVisCharacter
LogPluginManager: Mounting plugin AudioCapture
LogPluginManager: Mounting plugin AssetTags
LogPluginManager: Mounting plugin AudioSynesthesia
LogPluginManager: Mounting plugin CableComponent
LogPluginManager: Mounting plugin ChunkDownloader
LogPluginManager: Mounting plugin CustomMeshComponent
LogPluginManager: Mounting plugin EditableMesh
LogPluginManager: Mounting plugin ExampleDeviceProfileSelector
LogPluginManager: Mounting plugin GooglePAD
LogPluginManager: Mounting plugin GoogleCloudMessaging
LogPluginManager: Mounting plugin IOSDeviceProfileSelector
LogPluginManager: Mounting plugin LinuxDeviceProfileSelector
LogPluginManager: Mounting plugin LocationServicesBPLibrary
LogPluginManager: Mounting plugin MobilePatchingUtils
LogPluginManager: Mounting plugin OpenXR
LogPluginManager: Mounting plugin OpenXREyeTracker
LogPluginManager: Mounting plugin OpenXRHandTracking
LogPluginManager: Mounting plugin PhysXVehicles
LogPluginManager: Mounting plugin PostSplashScreen
LogPluginManager: Mounting plugin ProceduralMeshComponent
LogPluginManager: Mounting plugin PropertyAccessEditor
LogPluginManager: Mounting plugin RuntimePhysXCooking
LogPluginManager: Mounting plugin SignificanceManager
LogPluginManager: Mounting plugin SoundFields
LogPluginManager: Mounting plugin Synthesis
LogPluginManager: Mounting plugin WebMMoviePlayer
LogPluginManager: Mounting plugin WindowsMoviePlayer
LogPluginManager: Mounting plugin ScreenshotTools
LogPluginManager: Mounting plugin Takes
LogPluginManager: Mounting plugin ContentBrowserAssetDataSource
LogPluginManager: Mounting plugin ContentBrowserClassDataSource
LogPluginManager: Mounting plugin ContentBrowserFileDataSource
LogPluginManager: Mounting plugin OnlineSubsystemGooglePlay
LogPluginManager: Mounting plugin OnlineSubsystemIOS
LogPluginManager: Mounting plugin OculusVR
LogPluginManager: Mounting plugin SteamVR
PixWinPlugin: PIX capture plugin failed to initialize! Check that the process is launched from PIX.
LogInit: Using libcurl 7.55.1-DEV
LogInit:  - built for x86_64-pc-win32
LogInit:  - supports SSL with OpenSSL/1.1.1
LogInit:  - supports HTTP deflate (compression) using libz 1.2.8
LogInit:  - other features:
LogInit:      CURL_VERSION_SSL
LogInit:      CURL_VERSION_LIBZ
LogInit:      CURL_VERSION_IPV6
LogInit:      CURL_VERSION_ASYNCHDNS
LogInit:      CURL_VERSION_LARGEFILE
LogInit:      CURL_VERSION_IDN
LogInit:  CurlRequestOptions (configurable via config and command line):
LogInit:  - bVerifyPeer = true  - Libcurl will verify peer certificate
LogInit:  - bUseHttpProxy = false  - Libcurl will NOT use HTTP proxy
LogInit:  - bDontReuseConnections = false  - Libcurl will reuse connections
LogInit:  - MaxHostConnections = 16  - Libcurl will limit the number of connections to a host
LogInit:  - LocalHostAddr = Default
LogInit:  - BufferSize = 65536
LogOnline: OSS: Creating online subsystem instance for: NULL
LogInit: WinSock: version 1.1 (2.2), MaxSocks=32767, MaxUdp=65467
LogOnline: OSS: TryLoadSubsystemAndSetDefault: Loaded subsystem for module [NULL]
LogOculusPluginWrapper: OculusPlugin initialized successfully
LogHMD: Failed initializing OVRPlugin 1.59.0
LogInit: Build: ++UE4+Release-4.27-CL-18319896
LogInit: Engine Version: 4.27.2-18319896+++UE4+Release-4.27
LogInit: Compatible Engine Version: 4.27.0-17155196+++UE4+Release-4.27
LogInit: Net CL: 17155196
LogInit: OS: Windows 10 (Release 2009) (), CPU: Intel(R) Core(TM) i5-10300H CPU @ 2.50GHz, GPU: Intel(R) UHD Graphics
LogInit: Compiled (64-bit): Nov 30 2021 07:12:08
LogInit: Compiled with Visual C++: 19.24.28315.00
LogInit: Build Configuration: Development
LogInit: Branch Name: ++UE4+Release-4.27
LogInit: Command Line:  -skipcompile
LogInit: Base Directory: C:/Program Files/Epic Games/UE_4.27/Engine/Binaries/Win64/
LogInit: Allocator: TBB
LogInit: Installed Engine Build: 1
LogDevObjectVersion: Number of dev versions registered: 29
LogDevObjectVersion:   Dev-Blueprints (B0D832E4-1F89-4F0D-ACCF-7EB736FD4AA2): 10
LogDevObjectVersion:   Dev-Build (E1C64328-A22C-4D53-A36C-8E866417BD8C): 0
LogDevObjectVersion:   Dev-Core (375EC13C-06E4-48FB-B500-84F0262A717E): 4
LogDevObjectVersion:   Dev-Editor (E4B068ED-F494-42E9-A231-DA0B2E46BB41): 40
LogDevObjectVersion:   Dev-Framework (CFFC743F-43B0-4480-9391-14DF171D2073): 37
LogDevObjectVersion:   Dev-Mobile (B02B49B5-BB20-44E9-A304-32B752E40360): 3
LogDevObjectVersion:   Dev-Networking (A4E4105C-59A1-49B5-A7C5-40C4547EDFEE): 0
LogDevObjectVersion:   Dev-Online (39C831C9-5AE6-47DC-9A44-9C173E1C8E7C): 0
LogDevObjectVersion:   Dev-Physics (78F01B33-EBEA-4F98-B9B4-84EACCB95AA2): 14
LogDevObjectVersion:   Dev-Platform (6631380F-2D4D-43E0-8009-CF276956A95A): 0
LogDevObjectVersion:   Dev-Rendering (12F88B9F-8875-4AFC-A67C-D90C383ABD29): 45
LogDevObjectVersion:   Dev-Sequencer (7B5AE74C-D270-4C10-A958-57980B212A5A): 13
LogDevObjectVersion:   Dev-VR (D7296918-1DD6-4BDD-9DE2-64A83CC13884): 3
LogDevObjectVersion:   Dev-LoadTimes (C2A15278-BFE7-4AFE-6C17-90FF531DF755): 1
LogDevObjectVersion:   Private-Geometry (6EACA3D4-40EC-4CC1-B786-8BED09428FC5): 3
LogDevObjectVersion:   Dev-AnimPhys (29E575DD-E0A3-4627-9D10-D276232CDCEA): 17
LogDevObjectVersion:   Dev-Anim (AF43A65D-7FD3-4947-9873-3E8ED9C1BB05): 15
LogDevObjectVersion:   Dev-ReflectionCapture (6B266CEC-1EC7-4B8F-A30B-E4D90942FC07): 1
LogDevObjectVersion:   Dev-Automation (0DF73D61-A23F-47EA-B727-89E90C41499A): 1
LogDevObjectVersion:   FortniteMain (601D1886-AC64-4F84-AA16-D3DE0DEAC7D6): 47
LogDevObjectVersion:   FortniteRelease (E7086368-6B23-4C58-8439-1B7016265E91): 1
LogDevObjectVersion:   Dev-Enterprise (9DFFBCD6-494F-0158-E221-12823C92A888): 10
LogDevObjectVersion:   Dev-Niagara (F2AED0AC-9AFE-416F-8664-AA7FFA26D6FC): 1
LogDevObjectVersion:   Dev-Destruction (174F1F0B-B4C6-45A5-B13F-2EE8D0FB917D): 10
LogDevObjectVersion:   Dev-Physics-Ext (35F94A83-E258-406C-A318-09F59610247C): 41
LogDevObjectVersion:   Dev-PhysicsMaterial-Chaos (B68FC16E-8B1B-42E2-B453-215C058844FE): 1
LogDevObjectVersion:   Dev-CineCamera (B2E18506-4273-CFC2-A54E-F4BB758BBA07): 1
LogDevObjectVersion:   Dev-VirtualProduction (64F58936-FD1B-42BA-BA96-7289D5D0FA4E): 1
LogDevObjectVersion:   Dev-MediaFramework (6F0ED827-A609-4895-9C91-998D90180EA4): 2
LogInit: Presizing for max 25165824 objects, including 0 objects not considered by GC, pre-allocating 0 bytes for permanent pool.
LogConfig: Applying CVar settings from Section [/Script/Engine.StreamingSettings] File [C:/Users/Usuario/Desktop/BrickBreaker/Saved/Config/Windows/Engine.ini]
LogConfig: Setting CVar [[s.MinBulkDataSizeForAsyncLoading:131072]]
LogConfig: Setting CVar [[s.AsyncLoadingThreadEnabled:0]]
LogConfig: Setting CVar [[s.EventDrivenLoaderEnabled:1]]
LogConfig: Setting CVar [[s.WarnIfTimeLimitExceeded:0]]
LogConfig: Setting CVar [[s.TimeLimitExceededMultiplier:1.5]]
LogConfig: Setting CVar [[s.TimeLimitExceededMinTime:0.005]]
LogConfig: Setting CVar [[s.UseBackgroundLevelStreaming:1]]
LogConfig: Setting CVar [[s.PriorityAsyncLoadingExtraTime:15.0]]
LogConfig: Setting CVar [[s.LevelStreamingActorsUpdateTimeLimit:5.0]]
LogConfig: Setting CVar [[s.PriorityLevelStreamingActorsUpdateExtraTime:5.0]]
LogConfig: Setting CVar [[s.LevelStreamingComponentsRegistrationGranularity:10]]
LogConfig: Setting CVar [[s.UnregisterComponentsTimeLimit:1.0]]
LogConfig: Setting CVar [[s.LevelStreamingComponentsUnregistrationGranularity:5]]
LogConfig: Setting CVar [[s.FlushStreamingOnExit:1]]
LogInit: Object subsystem initialized
LogConfig: Setting CVar [[con.DebugEarlyDefault:1]]
LogConfig: Setting CVar [[r.setres:1280x720]]
[2022.10.25-00.38.24:935][  0]LogConfig: Setting CVar [[r.VSync:0]]
[2022.10.25-00.38.24:935][  0]LogConfig: Setting CVar [[r.RHICmdBypass:0]]
[2022.10.25-00.38.24:935][  0]LogConfig: Applying CVar settings from Section [/Script/Engine.RendererSettings] File [C:/Users/Usuario/Desktop/BrickBreaker/Saved/Config/Windows/Engine.ini]
[2022.10.25-00.38.24:936][  0]LogConfig: Setting CVar [[r.GPUCrashDebugging:0]]
[2022.10.25-00.38.24:936][  0]LogConfig: Applying CVar settings from Section [/Script/Engine.RendererOverrideSettings] File [C:/Users/Usuario/Desktop/BrickBreaker/Saved/Config/Windows/Engine.ini]
[2022.10.25-00.38.24:936][  0]LogConfig: Applying CVar settings from Section [/Script/Engine.StreamingSettings] File [C:/Users/Usuario/Desktop/BrickBreaker/Saved/Config/Windows/Engine.ini]
[2022.10.25-00.38.24:936][  0]LogConfig: Setting CVar [[s.MinBulkDataSizeForAsyncLoading:131072]]
[2022.10.25-00.38.24:936][  0]LogConfig: Setting CVar [[s.AsyncLoadingThreadEnabled:0]]
[2022.10.25-00.38.24:936][  0]LogConfig: Setting CVar [[s.EventDrivenLoaderEnabled:1]]
[2022.10.25-00.38.24:936][  0]LogConfig: Setting CVar [[s.WarnIfTimeLimitExceeded:0]]
[2022.10.25-00.38.24:936][  0]LogConfig: Setting CVar [[s.TimeLimitExceededMultiplier:1.5]]
[2022.10.25-00.38.24:936][  0]LogConfig: Setting CVar [[s.TimeLimitExceededMinTime:0.005]]
[2022.10.25-00.38.24:936][  0]LogConfig: Setting CVar [[s.UseBackgroundLevelStreaming:1]]
[2022.10.25-00.38.24:936][  0]LogConfig: Setting CVar [[s.PriorityAsyncLoadingExtraTime:15.0]]
[2022.10.25-00.38.24:936][  0]LogConfig: Setting CVar [[s.LevelStreamingActorsUpdateTimeLimit:5.0]]
[2022.10.25-00.38.24:936][  0]LogConfig: Setting CVar [[s.PriorityLevelStreamingActorsUpdateExtraTime:5.0]]
[2022.10.25-00.38.24:936][  0]LogConfig: Setting CVar [[s.LevelStreamingComponentsRegistrationGranularity:10]]
[2022.10.25-00.38.24:936][  0]LogConfig: Setting CVar [[s.UnregisterComponentsTimeLimit:1.0]]
[2022.10.25-00.38.24:936][  0]LogConfig: Setting CVar [[s.LevelStreamingComponentsUnregistrationGranularity:5]]
[2022.10.25-00.38.24:936][  0]LogConfig: Setting CVar [[s.FlushStreamingOnExit:1]]
[2022.10.25-00.38.24:936][  0]LogConfig: Applying CVar settings from Section [/Script/Engine.GarbageCollectionSettings] File [C:/Users/Usuario/Desktop/BrickBreaker/Saved/Config/Windows/Engine.ini]
[2022.10.25-00.38.24:936][  0]LogConfig: Setting CVar [[gc.MaxObjectsNotConsideredByGC:1]]
[2022.10.25-00.38.24:936][  0]LogConfig: Setting CVar [[gc.SizeOfPermanentObjectPool:0]]
[2022.10.25-00.38.24:936][  0]LogConfig: Setting CVar [[gc.FlushStreamingOnGC:0]]
[2022.10.25-00.38.24:936][  0]LogConfig: Setting CVar [[gc.NumRetriesBeforeForcingGC:10]]
[2022.10.25-00.38.24:936][  0]LogConfig: Setting CVar [[gc.AllowParallelGC:1]]
[2022.10.25-00.38.24:936][  0]LogConfig: Setting CVar [[gc.TimeBetweenPurgingPendingKillObjects:61.1]]
[2022.10.25-00.38.24:936][  0]LogConfig: Setting CVar [[gc.MaxObjectsInEditor:25165824]]
[2022.10.25-00.38.24:936][  0]LogConfig: Setting CVar [[gc.IncrementalBeginDestroyEnabled:1]]
[2022.10.25-00.38.24:936][  0]LogConfig: Setting CVar [[gc.CreateGCClusters:1]]
[2022.10.25-00.38.24:936][  0]LogConfig: Setting CVar [[gc.MinGCClusterSize:5]]
[2022.10.25-00.38.24:936][  0]LogConfig: Setting CVar [[gc.ActorClusteringEnabled:0]]
[2022.10.25-00.38.24:936][  0]LogConfig: Setting CVar [[gc.BlueprintClusteringEnabled:0]]
[2022.10.25-00.38.24:936][  0]LogConfig: Setting CVar [[gc.UseDisregardForGCOnDedicatedServers:0]]
[2022.10.25-00.38.24:936][  0]LogConfig: Setting CVar [[gc.MultithreadedDestructionEnabled:1]]
[2022.10.25-00.38.24:936][  0]LogConfig: Applying CVar settings from Section [/Script/Engine.NetworkSettings] File [C:/Users/Usuario/Desktop/BrickBreaker/Saved/Config/Windows/Engine.ini]
[2022.10.25-00.38.24:936][  0]LogConfig: Applying CVar settings from Section [/Script/UnrealEd.CookerSettings] File [C:/Users/Usuario/Desktop/BrickBreaker/Saved/Config/Windows/Engine.ini]
[2022.10.25-00.38.24:942][  0]LogConfig: Applying CVar settings from Section [ViewDistanceQuality@3] File [C:/Users/Usuario/Desktop/BrickBreaker/Saved/Config/Windows/Scalability.ini]
[2022.10.25-00.38.24:942][  0]LogConfig: Setting CVar [[r.SkeletalMeshLODBias:0]]
[2022.10.25-00.38.24:942][  0]LogConfig: Setting CVar [[r.ViewDistanceScale:1.0]]
[2022.10.25-00.38.24:942][  0]LogConfig: Applying CVar settings from Section [AntiAliasingQuality@3] File [C:/Users/Usuario/Desktop/BrickBreaker/Saved/Config/Windows/Scalability.ini]
[2022.10.25-00.38.24:942][  0]LogConfig: Setting CVar [[r.PostProcessAAQuality:4]]
[2022.10.25-00.38.24:942][  0]LogConfig: Applying CVar settings from Section [ShadowQuality@3] File [C:/Users/Usuario/Desktop/BrickBreaker/Saved/Config/Windows/Scalability.ini]
[2022.10.25-00.38.24:942][  0]LogConfig: Setting CVar [[r.LightFunctionQuality:1]]
[2022.10.25-00.38.24:942][  0]LogConfig: Setting CVar [[r.ShadowQuality:5]]
[2022.10.25-00.38.24:942][  0]LogConfig: Setting CVar [[r.Shadow.CSM.MaxCascades:10]]
[2022.10.25-00.38.24:942][  0]LogConfig: Setting CVar [[r.Shadow.MaxResolution:2048]]
[2022.10.25-00.38.24:942][  0]LogConfig: Setting CVar [[r.Shadow.MaxCSMResolution:2048]]
[2022.10.25-00.38.24:942][  0]LogConfig: Setting CVar [[r.Shadow.RadiusThreshold:0.01]]
[2022.10.25-00.38.24:942][  0]LogConfig: Setting CVar [[r.Shadow.DistanceScale:1.0]]
[2022.10.25-00.38.24:942][  0]LogConfig: Setting CVar [[r.Shadow.CSM.TransitionScale:1.0]]
[2022.10.25-00.38.24:942][  0]LogConfig: Setting CVar [[r.Shadow.PreShadowResolutionFactor:1.0]]
[2022.10.25-00.38.24:943][  0]LogConfig: Setting CVar [[r.DistanceFieldShadowing:1]]
[2022.10.25-00.38.24:943][  0]LogConfig: Setting CVar [[r.DistanceFieldAO:1]]
[2022.10.25-00.38.24:943][  0]LogConfig: Setting CVar [[r.AOQuality:2]]
[2022.10.25-00.38.24:943][  0]LogConfig: Setting CVar [[r.VolumetricFog:1]]
[2022.10.25-00.38.24:943][  0]LogConfig: Setting CVar [[r.VolumetricFog.GridPixelSize:8]]
[2022.10.25-00.38.24:943][  0]LogConfig: Setting CVar [[r.VolumetricFog.GridSizeZ:128]]
[2022.10.25-00.38.24:943][  0]LogConfig: Setting CVar [[r.VolumetricFog.HistoryMissSupersampleCount:4]]
[2022.10.25-00.38.24:943][  0]LogConfig: Setting CVar [[r.LightMaxDrawDistanceScale:1]]
[2022.10.25-00.38.24:943][  0]LogConfig: Setting CVar [[r.CapsuleShadows:1]]
[2022.10.25-00.38.24:943][  0]LogConfig: Applying CVar settings from Section [PostProcessQuality@3] File [C:/Users/Usuario/Desktop/BrickBreaker/Saved/Config/Windows/Scalability.ini]
[2022.10.25-00.38.24:943][  0]LogConfig: Setting CVar [[r.MotionBlurQuality:4]]
[2022.10.25-00.38.24:943][  0]LogConfig: Setting CVar [[r.AmbientOcclusionMipLevelFactor:0.4]]
[2022.10.25-00.38.24:943][  0]LogConfig: Setting CVar [[r.AmbientOcclusionMaxQuality:100]]
[2022.10.25-00.38.24:943][  0]LogConfig: Setting CVar [[r.AmbientOcclusionLevels:-1]]
[2022.10.25-00.38.24:943][  0]LogConfig: Setting CVar [[r.AmbientOcclusionRadiusScale:1.0]]
[2022.10.25-00.38.24:943][  0]LogConfig: Setting CVar [[r.DepthOfFieldQuality:2]]
[2022.10.25-00.38.24:943][  0]LogConfig: Setting CVar [[r.RenderTargetPoolMin:400]]
[2022.10.25-00.38.24:943][  0]LogConfig: Setting CVar [[r.LensFlareQuality:2]]
[2022.10.25-00.38.24:943][  0]LogConfig: Setting CVar [[r.SceneColorFringeQuality:1]]
[2022.10.25-00.38.24:943][  0]LogConfig: Setting CVar [[r.EyeAdaptationQuality:2]]
[2022.10.25-00.38.24:943][  0]LogConfig: Setting CVar [[r.BloomQuality:5]]
[2022.10.25-00.38.24:943][  0]LogConfig: Setting CVar [[r.FastBlurThreshold:100]]
[2022.10.25-00.38.24:943][  0]LogConfig: Setting CVar [[r.Upscale.Quality:3]]
[2022.10.25-00.38.24:943][  0]LogConfig: Setting CVar [[r.Tonemapper.GrainQuantization:1]]
[2022.10.25-00.38.24:943][  0]LogConfig: Setting CVar [[r.LightShaftQuality:1]]
[2022.10.25-00.38.24:943][  0]LogConfig: Setting CVar [[r.Filter.SizeScale:1]]
[2022.10.25-00.38.24:943][  0]LogConfig: Setting CVar [[r.Tonemapper.Quality:5]]
[2022.10.25-00.38.24:943][  0]LogConfig: Setting CVar [[r.DOF.Gather.AccumulatorQuality:1        ; higher gathering accumulator quality]]
[2022.10.25-00.38.24:943][  0]LogConfig: Setting CVar [[r.DOF.Gather.PostfilterMethod:1          ; Median3x3 postfilering method]]
[2022.10.25-00.38.24:943][  0]LogConfig: Setting CVar [[r.DOF.Gather.EnableBokehSettings:0       ; no bokeh simulation when gathering]]
[2022.10.25-00.38.24:943][  0]LogConfig: Setting CVar [[r.DOF.Gather.RingCount:4                 ; medium number of samples when gathering]]
[2022.10.25-00.38.24:943][  0]LogConfig: Setting CVar [[r.DOF.Scatter.ForegroundCompositing:1    ; additive foreground scattering]]
[2022.10.25-00.38.24:943][  0]LogConfig: Setting CVar [[r.DOF.Scatter.BackgroundCompositing:2    ; additive background scattering]]
[2022.10.25-00.38.24:943][  0]LogConfig: Setting CVar [[r.DOF.Scatter.EnableBokehSettings:1      ; bokeh simulation when scattering]]
[2022.10.25-00.38.24:943][  0]LogConfig: Setting CVar [[r.DOF.Scatter.MaxSpriteRatio:0.1         ; only a maximum of 10% of scattered bokeh]]
[2022.10.25-00.38.24:943][  0]LogConfig: Setting CVar [[r.DOF.Recombine.Quality:1                ; cheap slight out of focus]]
[2022.10.25-00.38.24:943][  0]LogConfig: Setting CVar [[r.DOF.Recombine.EnableBokehSettings:0    ; no bokeh simulation on slight out of focus]]
[2022.10.25-00.38.24:943][  0]LogConfig: Setting CVar [[r.DOF.TemporalAAQuality:1                ; more stable temporal accumulation]]
[2022.10.25-00.38.24:943][  0]LogConfig: Setting CVar [[r.DOF.Kernel.MaxForegroundRadius:0.025]]
[2022.10.25-00.38.24:943][  0]LogConfig: Setting CVar [[r.DOF.Kernel.MaxBackgroundRadius:0.025]]
[2022.10.25-00.38.24:943][  0]LogConfig: Applying CVar settings from Section [TextureQuality@3] File [C:/Users/Usuario/Desktop/BrickBreaker/Saved/Config/Windows/Scalability.ini]
[2022.10.25-00.38.24:943][  0]LogConfig: Setting CVar [[r.Streaming.MipBias:0]]
[2022.10.25-00.38.24:943][  0]LogConfig: Setting CVar [[r.Streaming.AmortizeCPUToGPUCopy:0]]
[2022.10.25-00.38.24:943][  0]LogConfig: Setting CVar [[r.Streaming.MaxNumTexturesToStreamPerFrame:0]]
[2022.10.25-00.38.24:943][  0]LogConfig: Setting CVar [[r.Streaming.Boost:1]]
[2022.10.25-00.38.24:943][  0]LogConfig: Setting CVar [[r.MaxAnisotropy:8]]
[2022.10.25-00.38.24:943][  0]LogConfig: Setting CVar [[r.VT.MaxAnisotropy:8]]
[2022.10.25-00.38.24:943][  0]LogConfig: Setting CVar [[r.Streaming.LimitPoolSizeToVRAM:0]]
[2022.10.25-00.38.24:943][  0]LogConfig: Setting CVar [[r.Streaming.PoolSize:1000]]
[2022.10.25-00.38.24:943][  0]LogConfig: Setting CVar [[r.Streaming.MaxEffectiveScreenSize:0]]
[2022.10.25-00.38.24:943][  0]LogConfig: Applying CVar settings from Section [EffectsQuality@3] File [C:/Users/Usuario/Desktop/BrickBreaker/Saved/Config/Windows/Scalability.ini]
[2022.10.25-00.38.24:943][  0]LogConfig: Setting CVar [[r.TranslucencyLightingVolumeDim:64]]
[2022.10.25-00.38.24:943][  0]LogConfig: Setting CVar [[r.RefractionQuality:2]]
[2022.10.25-00.38.24:943][  0]LogConfig: Setting CVar [[r.SSR.Quality:3]]
[2022.10.25-00.38.24:943][  0]LogConfig: Setting CVar [[r.SSR.HalfResSceneColor:0]]
[2022.10.25-00.38.24:943][  0]LogConfig: Setting CVar [[r.SceneColorFormat:4]]
[2022.10.25-00.38.24:943][  0]LogConfig: Setting CVar [[r.DetailMode:2]]
[2022.10.25-00.38.24:943][  0]LogConfig: Setting CVar [[r.TranslucencyVolumeBlur:1]]
[2022.10.25-00.38.24:943][  0]LogConfig: Setting CVar [[r.MaterialQualityLevel:1 ; High quality]]
[2022.10.25-00.38.24:943][  0]LogConfig: Setting CVar [[r.AnisotropicMaterials:1]]
[2022.10.25-00.38.24:943][  0]LogConfig: Setting CVar [[r.SSS.Scale:1]]
[2022.10.25-00.38.24:943][  0]LogConfig: Setting CVar [[r.SSS.SampleSet:2]]
[2022.10.25-00.38.24:943][  0]LogConfig: Setting CVar [[r.SSS.Quality:1]]
[2022.10.25-00.38.24:943][  0]LogConfig: Setting CVar [[r.SSS.HalfRes:0]]
[2022.10.25-00.38.24:943][  0]LogConfig: Setting CVar [[r.SSGI.Quality:3]]
[2022.10.25-00.38.24:943][  0]LogConfig: Setting CVar [[r.EmitterSpawnRateScale:1.0]]
[2022.10.25-00.38.24:943][  0]LogConfig: Setting CVar [[r.ParticleLightQuality:2]]
[2022.10.25-00.38.24:943][  0]LogConfig: Setting CVar [[r.SkyAtmosphere.AerialPerspectiveLUT.FastApplyOnOpaque:1 ; Always have FastSkyLUT 1 in this case to avoid wrong sky]]
[2022.10.25-00.38.24:943][  0]LogConfig: Setting CVar [[r.SkyAtmosphere.AerialPerspectiveLUT.SampleCountMaxPerSlice:4]]
[2022.10.25-00.38.24:943][  0]LogConfig: Setting CVar [[r.SkyAtmosphere.AerialPerspectiveLUT.DepthResolution:16.0]]
[2022.10.25-00.38.24:943][  0]LogConfig: Setting CVar [[r.SkyAtmosphere.FastSkyLUT:1]]
[2022.10.25-00.38.24:943][  0]LogConfig: Setting CVar [[r.SkyAtmosphere.FastSkyLUT.SampleCountMin:4.0]]
[2022.10.25-00.38.24:943][  0]LogConfig: Setting CVar [[r.SkyAtmosphere.FastSkyLUT.SampleCountMax:128.0]]
[2022.10.25-00.38.24:943][  0]LogConfig: Setting CVar [[r.SkyAtmosphere.SampleCountMin:4.0]]
[2022.10.25-00.38.24:943][  0]LogConfig: Setting CVar [[r.SkyAtmosphere.SampleCountMax:128.0]]
[2022.10.25-00.38.24:943][  0]LogConfig: Setting CVar [[r.SkyAtmosphere.TransmittanceLUT.UseSmallFormat:0]]
[2022.10.25-00.38.24:943][  0]LogConfig: Setting CVar [[r.SkyAtmosphere.TransmittanceLUT.SampleCount:10.0]]
[2022.10.25-00.38.24:943][  0]LogConfig: Setting CVar [[r.SkyAtmosphere.MultiScatteringLUT.SampleCount:15.0]]
[2022.10.25-00.38.24:943][  0]LogConfig: Setting CVar [[r.SkyLight.RealTimeReflectionCapture:1]]
[2022.10.25-00.38.24:943][  0]LogConfig: Applying CVar settings from Section [FoliageQuality@3] File [C:/Users/Usuario/Desktop/BrickBreaker/Saved/Config/Windows/Scalability.ini]
[2022.10.25-00.38.24:943][  0]LogConfig: Setting CVar [[foliage.DensityScale:1.0]]
[2022.10.25-00.38.24:943][  0]LogConfig: Setting CVar [[grass.DensityScale:1.0]]
[2022.10.25-00.38.24:943][  0]LogConfig: Applying CVar settings from Section [ShadingQuality@3] File [C:/Users/Usuario/Desktop/BrickBreaker/Saved/Config/Windows/Scalability.ini]
[2022.10.25-00.38.24:943][  0]LogConfig: Setting CVar [[r.HairStrands.SkyLighting.IntegrationType:2]]
[2022.10.25-00.38.24:943][  0]LogConfig: Setting CVar [[r.HairStrands.SkyAO.SampleCount:4]]
[2022.10.25-00.38.24:943][  0]LogConfig: Setting CVar [[r.HairStrands.Visibility.MSAA.SamplePerPixel:4]]
[2022.10.25-00.38.24:944][  0]LogInit: Selected Device Profile: [Windows]
[2022.10.25-00.38.24:944][  0]LogInit: Applying CVar settings loaded from the selected device profile: [Windows]
[2022.10.25-00.38.24:944][  0]LogHAL: Display: Platform has ~ 8 GB [8419024896 / 8589934592 / 8], which maps to Default [LargestMinGB=32, LargerMinGB=12, DefaultMinGB=8, SmallerMinGB=6, SmallestMinGB=0)
[2022.10.25-00.38.24:944][  0]LogInit: Going up to parent DeviceProfile []
[2022.10.25-00.38.24:944][  0]LogConfig: Applying CVar settings from Section [ViewDistanceQuality@3] File [C:/Users/Usuario/Desktop/BrickBreaker/Saved/Config/Windows/Scalability.ini]
[2022.10.25-00.38.24:944][  0]LogConfig: Setting CVar [[r.SkeletalMeshLODBias:0]]
[2022.10.25-00.38.24:944][  0]LogConfig: Setting CVar [[r.ViewDistanceScale:1.0]]
[2022.10.25-00.38.24:944][  0]LogConfig: Applying CVar settings from Section [AntiAliasingQuality@3] File [C:/Users/Usuario/Desktop/BrickBreaker/Saved/Config/Windows/Scalability.ini]
[2022.10.25-00.38.24:944][  0]LogConfig: Setting CVar [[r.PostProcessAAQuality:4]]
[2022.10.25-00.38.24:944][  0]LogConfig: Applying CVar settings from Section [ShadowQuality@3] File [C:/Users/Usuario/Desktop/BrickBreaker/Saved/Config/Windows/Scalability.ini]
[2022.10.25-00.38.24:944][  0]LogConfig: Setting CVar [[r.LightFunctionQuality:1]]
[2022.10.25-00.38.24:944][  0]LogConfig: Setting CVar [[r.ShadowQuality:5]]
[2022.10.25-00.38.24:944][  0]LogConfig: Setting CVar [[r.Shadow.CSM.MaxCascades:10]]
[2022.10.25-00.38.24:944][  0]LogConfig: Setting CVar [[r.Shadow.MaxResolution:2048]]
[2022.10.25-00.38.24:944][  0]LogConfig: Setting CVar [[r.Shadow.MaxCSMResolution:2048]]
[2022.10.25-00.38.24:944][  0]LogConfig: Setting CVar [[r.Shadow.RadiusThreshold:0.01]]
[2022.10.25-00.38.24:944][  0]LogConfig: Setting CVar [[r.Shadow.DistanceScale:1.0]]
[2022.10.25-00.38.24:944][  0]LogConfig: Setting CVar [[r.Shadow.CSM.TransitionScale:1.0]]
[2022.10.25-00.38.24:944][  0]LogConfig: Setting CVar [[r.Shadow.PreShadowResolutionFactor:1.0]]
[2022.10.25-00.38.24:944][  0]LogConfig: Setting CVar [[r.DistanceFieldShadowing:1]]
[2022.10.25-00.38.24:944][  0]LogConfig: Setting CVar [[r.DistanceFieldAO:1]]
[2022.10.25-00.38.24:944][  0]LogConfig: Setting CVar [[r.AOQuality:2]]
[2022.10.25-00.38.24:944][  0]LogConfig: Setting CVar [[r.VolumetricFog:1]]
[2022.10.25-00.38.24:944][  0]LogConfig: Setting CVar [[r.VolumetricFog.GridPixelSize:8]]
[2022.10.25-00.38.24:944][  0]LogConfig: Setting CVar [[r.VolumetricFog.GridSizeZ:128]]
[2022.10.25-00.38.24:944][  0]LogConfig: Setting CVar [[r.VolumetricFog.HistoryMissSupersampleCount:4]]
[2022.10.25-00.38.24:944][  0]LogConfig: Setting CVar [[r.LightMaxDrawDistanceScale:1]]
[2022.10.25-00.38.24:944][  0]LogConfig: Setting CVar [[r.CapsuleShadows:1]]
[2022.10.25-00.38.24:944][  0]LogConfig: Applying CVar settings from Section [PostProcessQuality@3] File [C:/Users/Usuario/Desktop/BrickBreaker/Saved/Config/Windows/Scalability.ini]
[2022.10.25-00.38.24:944][  0]LogConfig: Setting CVar [[r.MotionBlurQuality:4]]
[2022.10.25-00.38.24:944][  0]LogConfig: Setting CVar [[r.AmbientOcclusionMipLevelFactor:0.4]]
[2022.10.25-00.38.24:945][  0]LogConfig: Setting CVar [[r.AmbientOcclusionMaxQuality:100]]
[2022.10.25-00.38.24:945][  0]LogConfig: Setting CVar [[r.AmbientOcclusionLevels:-1]]
[2022.10.25-00.38.24:945][  0]LogConfig: Setting CVar [[r.AmbientOcclusionRadiusScale:1.0]]
[2022.10.25-00.38.24:945][  0]LogConfig: Setting CVar [[r.DepthOfFieldQuality:2]]
[2022.10.25-00.38.24:945][  0]LogConfig: Setting CVar [[r.RenderTargetPoolMin:400]]
[2022.10.25-00.38.24:945][  0]LogConfig: Setting CVar [[r.LensFlareQuality:2]]
[2022.10.25-00.38.24:945][  0]LogConfig: Setting CVar [[r.SceneColorFringeQuality:1]]
[2022.10.25-00.38.24:945][  0]LogConfig: Setting CVar [[r.EyeAdaptationQuality:2]]
[2022.10.25-00.38.24:945][  0]LogConfig: Setting CVar [[r.BloomQuality:5]]
[2022.10.25-00.38.24:945][  0]LogConfig: Setting CVar [[r.FastBlurThreshold:100]]
[2022.10.25-00.38.24:945][  0]LogConfig: Setting CVar [[r.Upscale.Quality:3]]
[2022.10.25-00.38.24:945][  0]LogConfig: Setting CVar [[r.Tonemapper.GrainQuantization:1]]
[2022.10.25-00.38.24:945][  0]LogConfig: Setting CVar [[r.LightShaftQuality:1]]
[2022.10.25-00.38.24:945][  0]LogConfig: Setting CVar [[r.Filter.SizeScale:1]]
[2022.10.25-00.38.24:945][  0]LogConfig: Setting CVar [[r.Tonemapper.Quality:5]]
[2022.10.25-00.38.24:945][  0]LogConfig: Setting CVar [[r.DOF.Gather.AccumulatorQuality:1        ; higher gathering accumulator quality]]
[2022.10.25-00.38.24:945][  0]LogConfig: Setting CVar [[r.DOF.Gather.PostfilterMethod:1          ; Median3x3 postfilering method]]
[2022.10.25-00.38.24:945][  0]LogConfig: Setting CVar [[r.DOF.Gather.EnableBokehSettings:0       ; no bokeh simulation when gathering]]
[2022.10.25-00.38.24:945][  0]LogConfig: Setting CVar [[r.DOF.Gather.RingCount:4                 ; medium number of samples when gathering]]
[2022.10.25-00.38.24:945][  0]LogConfig: Setting CVar [[r.DOF.Scatter.ForegroundCompositing:1    ; additive foreground scattering]]
[2022.10.25-00.38.24:945][  0]LogConfig: Setting CVar [[r.DOF.Scatter.BackgroundCompositing:2    ; additive background scattering]]
[2022.10.25-00.38.24:945][  0]LogConfig: Setting CVar [[r.DOF.Scatter.EnableBokehSettings:1      ; bokeh simulation when scattering]]
[2022.10.25-00.38.24:945][  0]LogConfig: Setting CVar [[r.DOF.Scatter.MaxSpriteRatio:0.1         ; only a maximum of 10% of scattered bokeh]]
[2022.10.25-00.38.24:945][  0]LogConfig: Setting CVar [[r.DOF.Recombine.Quality:1                ; cheap slight out of focus]]
[2022.10.25-00.38.24:945][  0]LogConfig: Setting CVar [[r.DOF.Recombine.EnableBokehSettings:0    ; no bokeh simulation on slight out of focus]]
[2022.10.25-00.38.24:945][  0]LogConfig: Setting CVar [[r.DOF.TemporalAAQuality:1                ; more stable temporal accumulation]]
[2022.10.25-00.38.24:945][  0]LogConfig: Setting CVar [[r.DOF.Kernel.MaxForegroundRadius:0.025]]
[2022.10.25-00.38.24:945][  0]LogConfig: Setting CVar [[r.DOF.Kernel.MaxBackgroundRadius:0.025]]
[2022.10.25-00.38.24:945][  0]LogConfig: Applying CVar settings from Section [TextureQuality@3] File [C:/Users/Usuario/Desktop/BrickBreaker/Saved/Config/Windows/Scalability.ini]
[2022.10.25-00.38.24:945][  0]LogConfig: Setting CVar [[r.Streaming.MipBias:0]]
[2022.10.25-00.38.24:945][  0]LogConfig: Setting CVar [[r.Streaming.AmortizeCPUToGPUCopy:0]]
[2022.10.25-00.38.24:945][  0]LogConfig: Setting CVar [[r.Streaming.MaxNumTexturesToStreamPerFrame:0]]
[2022.10.25-00.38.24:945][  0]LogConfig: Setting CVar [[r.Streaming.Boost:1]]
[2022.10.25-00.38.24:945][  0]LogConfig: Setting CVar [[r.MaxAnisotropy:8]]
[2022.10.25-00.38.24:945][  0]LogConfig: Setting CVar [[r.VT.MaxAnisotropy:8]]
[2022.10.25-00.38.24:945][  0]LogConfig: Setting CVar [[r.Streaming.LimitPoolSizeToVRAM:0]]
[2022.10.25-00.38.24:945][  0]LogConfig: Setting CVar [[r.Streaming.PoolSize:1000]]
[2022.10.25-00.38.24:945][  0]LogConfig: Setting CVar [[r.Streaming.MaxEffectiveScreenSize:0]]
[2022.10.25-00.38.24:945][  0]LogConfig: Applying CVar settings from Section [EffectsQuality@3] File [C:/Users/Usuario/Desktop/BrickBreaker/Saved/Config/Windows/Scalability.ini]
[2022.10.25-00.38.24:945][  0]LogConfig: Setting CVar [[r.TranslucencyLightingVolumeDim:64]]
[2022.10.25-00.38.24:945][  0]LogConfig: Setting CVar [[r.RefractionQuality:2]]
[2022.10.25-00.38.24:945][  0]LogConfig: Setting CVar [[r.SSR.Quality:3]]
[2022.10.25-00.38.24:945][  0]LogConfig: Setting CVar [[r.SSR.HalfResSceneColor:0]]
[2022.10.25-00.38.24:945][  0]LogConfig: Setting CVar [[r.SceneColorFormat:4]]
[2022.10.25-00.38.24:945][  0]LogConfig: Setting CVar [[r.DetailMode:2]]
[2022.10.25-00.38.24:945][  0]LogConfig: Setting CVar [[r.TranslucencyVolumeBlur:1]]
[2022.10.25-00.38.24:945][  0]LogConfig: Setting CVar [[r.MaterialQualityLevel:1 ; High quality]]
[2022.10.25-00.38.24:945][  0]LogConfig: Setting CVar [[r.AnisotropicMaterials:1]]
[2022.10.25-00.38.24:945][  0]LogConfig: Setting CVar [[r.SSS.Scale:1]]
[2022.10.25-00.38.24:945][  0]LogConfig: Setting CVar [[r.SSS.SampleSet:2]]
[2022.10.25-00.38.24:945][  0]LogConfig: Setting CVar [[r.SSS.Quality:1]]
[2022.10.25-00.38.24:945][  0]LogConfig: Setting CVar [[r.SSS.HalfRes:0]]
[2022.10.25-00.38.24:945][  0]LogConfig: Setting CVar [[r.SSGI.Quality:3]]
[2022.10.25-00.38.24:945][  0]LogConfig: Setting CVar [[r.EmitterSpawnRateScale:1.0]]
[2022.10.25-00.38.24:945][  0]LogConfig: Setting CVar [[r.ParticleLightQuality:2]]
[2022.10.25-00.38.24:945][  0]LogConfig: Setting CVar [[r.SkyAtmosphere.AerialPerspectiveLUT.FastApplyOnOpaque:1 ; Always have FastSkyLUT 1 in this case to avoid wrong sky]]
[2022.10.25-00.38.24:945][  0]LogConfig: Setting CVar [[r.SkyAtmosphere.AerialPerspectiveLUT.SampleCountMaxPerSlice:4]]
[2022.10.25-00.38.24:945][  0]LogConfig: Setting CVar [[r.SkyAtmosphere.AerialPerspectiveLUT.DepthResolution:16.0]]
[2022.10.25-00.38.24:945][  0]LogConfig: Setting CVar [[r.SkyAtmosphere.FastSkyLUT:1]]
[2022.10.25-00.38.24:945][  0]LogConfig: Setting CVar [[r.SkyAtmosphere.FastSkyLUT.SampleCountMin:4.0]]
[2022.10.25-00.38.24:945][  0]LogConfig: Setting CVar [[r.SkyAtmosphere.FastSkyLUT.SampleCountMax:128.0]]
[2022.10.25-00.38.24:945][  0]LogConfig: Setting CVar [[r.SkyAtmosphere.SampleCountMin:4.0]]
[2022.10.25-00.38.24:945][  0]LogConfig: Setting CVar [[r.SkyAtmosphere.SampleCountMax:128.0]]
[2022.10.25-00.38.24:945][  0]LogConfig: Setting CVar [[r.SkyAtmosphere.TransmittanceLUT.UseSmallFormat:0]]
[2022.10.25-00.38.24:945][  0]LogConfig: Setting CVar [[r.SkyAtmosphere.TransmittanceLUT.SampleCount:10.0]]
[2022.10.25-00.38.24:945][  0]LogConfig: Setting CVar [[r.SkyAtmosphere.MultiScatteringLUT.SampleCount:15.0]]
[2022.10.25-00.38.24:945][  0]LogConfig: Setting CVar [[r.SkyLight.RealTimeReflectionCapture:1]]
[2022.10.25-00.38.24:945][  0]LogConfig: Applying CVar settings from Section [FoliageQuality@3] File [C:/Users/Usuario/Desktop/BrickBreaker/Saved/Config/Windows/Scalability.ini]
[2022.10.25-00.38.24:945][  0]LogConfig: Setting CVar [[foliage.DensityScale:1.0]]
[2022.10.25-00.38.24:945][  0]LogConfig: Setting CVar [[grass.DensityScale:1.0]]
[2022.10.25-00.38.24:945][  0]LogConfig: Applying CVar settings from Section [ShadingQuality@3] File [C:/Users/Usuario/Desktop/BrickBreaker/Saved/Config/Windows/Scalability.ini]
[2022.10.25-00.38.24:945][  0]LogConfig: Setting CVar [[r.HairStrands.SkyLighting.IntegrationType:2]]
[2022.10.25-00.38.24:945][  0]LogConfig: Setting CVar [[r.HairStrands.SkyAO.SampleCount:4]]
[2022.10.25-00.38.24:945][  0]LogConfig: Setting CVar [[r.HairStrands.Visibility.MSAA.SamplePerPixel:4]]
[2022.10.25-00.38.24:945][  0]LogConfig: Applying CVar settings from Section [Startup] File [../../../Engine/Config/ConsoleVariables.ini]
[2022.10.25-00.38.24:946][  0]LogConfig: Setting CVar [[net.UseAdaptiveNetUpdateFrequency:0]]
[2022.10.25-00.38.24:946][  0]LogConfig: Setting CVar [[p.chaos.AllowCreatePhysxBodies:1]]
[2022.10.25-00.38.24:946][  0]LogConfig: Setting CVar [[fx.SkipVectorVMBackendOptimizations:1]]
[2022.10.25-00.38.24:946][  0]LogConfig: Applying CVar settings from Section [ConsoleVariables] File [C:/Users/Usuario/Desktop/BrickBreaker/Saved/Config/Windows/Engine.ini]
[2022.10.25-00.38.24:946][  0]LogConfig: Applying CVar settings from Section [ConsoleVariables] File [C:/Users/Usuario/Desktop/BrickBreaker/Saved/Config/Windows/Editor.ini]
[2022.10.25-00.38.24:946][  0]LogInit: Computer: LAPTOP-ADK72C9F
[2022.10.25-00.38.24:946][  0]LogInit: User: Usuario
[2022.10.25-00.38.24:946][  0]LogInit: CPU Page size=4096, Cores=4
[2022.10.25-00.38.24:946][  0]LogInit: High frequency timer resolution =10.000000 MHz
[2022.10.25-00.38.24:946][  0]LogMemory: Memory total: Physical=7.8GB (8GB approx)
[2022.10.25-00.38.24:947][  0]LogMemory: Platform Memory Stats for Windows
[2022.10.25-00.38.24:947][  0]LogMemory: Process Physical Memory: 141.82 MB used, 141.82 MB peak
[2022.10.25-00.38.24:947][  0]LogMemory: Process Virtual Memory: 112.34 MB used, 112.34 MB peak
[2022.10.25-00.38.24:947][  0]LogMemory: Physical Memory: 6762.41 MB used,  1266.59 MB free, 8029.01 MB total
[2022.10.25-00.38.24:947][  0]LogMemory: Virtual Memory: 134209096.00 MB used,  8629.34 MB free, 134217728.00 MB total
[2022.10.25-00.38.24:951][  0]LogWindows: WindowsPlatformFeatures enabled
[2022.10.25-00.38.24:989][  0]LogInit: Physics initialised using underlying interface: PhysX
[2022.10.25-00.38.24:990][  0]LogInit: Using OS detected language (es-ES).
[2022.10.25-00.38.24:990][  0]LogInit: Using OS detected locale (es-BO).
[2022.10.25-00.38.24:996][  0]LogTextLocalizationManager: No specific localization for 'es-ES' exists, so the 'es' localization will be used.
[2022.10.25-00.38.25:036][  0]LogInit: Setting process to per monitor DPI aware
[2022.10.25-00.38.25:043][  0]LogWindowsTextInputMethodSystem: Display: IME system deactivated.
[2022.10.25-00.38.25:059][  0]LogSlate: New Slate User Created.  User Index 0, Is Virtual User: 0
[2022.10.25-00.38.25:059][  0]LogSlate: Slate User Registered.  User Index 0, Is Virtual User: 0
[2022.10.25-00.38.25:257][  0]LogD3D11RHI: Loaded GFSDK_Aftermath_Lib.x64.dll
[2022.10.25-00.38.25:295][  0]LogHMD: Failed to initialize OpenVR with code 110
[2022.10.25-00.38.25:295][  0]LogD3D11RHI: D3D11 min allowed feature level: 11_0
[2022.10.25-00.38.25:295][  0]LogD3D11RHI: D3D11 max allowed feature level: 11_0
[2022.10.25-00.38.25:295][  0]LogD3D11RHI: D3D11 adapters:
[2022.10.25-00.38.25:441][  0]LogD3D11RHI:    0. 'NVIDIA GeForce GTX 1650' (Feature Level 11_0)
[2022.10.25-00.38.25:441][  0]LogD3D11RHI:       3962/0/4014 MB DedicatedVideo/DedicatedSystem/SharedSystem, Outputs:1, VendorId:0x10de
[2022.10.25-00.38.25:463][  0]LogD3D11RHI:    1. 'Intel(R) UHD Graphics' (Feature Level 11_0)
[2022.10.25-00.38.25:463][  0]LogD3D11RHI:       128/0/4014 MB DedicatedVideo/DedicatedSystem/SharedSystem, Outputs:0, VendorId:0x8086
[2022.10.25-00.38.25:466][  0]LogD3D11RHI:    2. 'Microsoft Basic Render Driver' (Feature Level 11_0)
[2022.10.25-00.38.25:466][  0]LogD3D11RHI:       0/0/4014 MB DedicatedVideo/DedicatedSystem/SharedSystem, Outputs:0, VendorId:0x1414
[2022.10.25-00.38.25:466][  0]LogD3D11RHI: Chosen D3D11 Adapter:
[2022.10.25-00.38.25:466][  0]LogD3D11RHI:     Description : NVIDIA GeForce GTX 1650
[2022.10.25-00.38.25:466][  0]LogD3D11RHI:     VendorId    : 10de
[2022.10.25-00.38.25:466][  0]LogD3D11RHI:     DeviceId    : 1f99
[2022.10.25-00.38.25:466][  0]LogD3D11RHI:     SubSysId    : 177f1043
[2022.10.25-00.38.25:466][  0]LogD3D11RHI:     Revision    : 00a1
[2022.10.25-00.38.25:466][  0]LogD3D11RHI:     DedicatedVideoMemory : 4154458112 bytes
[2022.10.25-00.38.25:466][  0]LogD3D11RHI:     DedicatedSystemMemory : 0 bytes
[2022.10.25-00.38.25:466][  0]LogD3D11RHI:     SharedSystemMemory : 4209512448 bytes
[2022.10.25-00.38.25:466][  0]LogD3D11RHI:     AdapterLuid : 0 63462
[2022.10.25-00.38.25:470][  0]LogD3D11RHI: Creating new Direct3DDevice
[2022.10.25-00.38.25:470][  0]LogD3D11RHI:     GPU DeviceId: 0x1f99 (for the marketing name, search the web for "GPU Device Id")
[2022.10.25-00.38.25:470][  0]LogWindows: EnumDisplayDevices:
[2022.10.25-00.38.25:470][  0]LogWindows:    0. 'Intel(R) UHD Graphics' (P:1 D:1)
[2022.10.25-00.38.25:470][  0]LogWindows:    1. 'Intel(R) UHD Graphics' (P:0 D:0)
[2022.10.25-00.38.25:470][  0]LogWindows:    2. 'Intel(R) UHD Graphics' (P:0 D:0)
[2022.10.25-00.38.25:471][  0]LogWindows:    3. 'NVIDIA GeForce GTX 1650' (P:0 D:0)
[2022.10.25-00.38.25:471][  0]LogWindows:    4. 'NVIDIA GeForce GTX 1650' (P:0 D:0)
[2022.10.25-00.38.25:471][  0]LogWindows:    5. 'NVIDIA GeForce GTX 1650' (P:0 D:0)
[2022.10.25-00.38.25:471][  0]LogWindows:    6. 'NVIDIA GeForce GTX 1650' (P:0 D:0)
[2022.10.25-00.38.25:471][  0]LogWindows: DebugString: PrimaryIsNotTheChoosenAdapter PrimaryIsNotTheChoosenAdapter PrimaryIsNotTheChoosenAdapter FoundDriverCount:4 
[2022.10.25-00.38.25:471][  0]LogD3D11RHI:     Adapter Name: NVIDIA GeForce GTX 1650
[2022.10.25-00.38.25:471][  0]LogD3D11RHI:   Driver Version: 512.78 (internal:30.0.15.1278, unified:512.78)
[2022.10.25-00.38.25:471][  0]LogD3D11RHI:      Driver Date: 5-5-2022
[2022.10.25-00.38.25:471][  0]LogRHI: Texture pool is 2773 MB (70% of 3962 MB)
[2022.10.25-00.38.25:471][  0]LogD3D11RHI: Creating D3DDevice using adapter:
[2022.10.25-00.38.25:471][  0]LogD3D11RHI:     Description : NVIDIA GeForce GTX 1650
[2022.10.25-00.38.25:471][  0]LogD3D11RHI:     VendorId    : 10de
[2022.10.25-00.38.25:471][  0]LogD3D11RHI:     DeviceId    : 1f99
[2022.10.25-00.38.25:471][  0]LogD3D11RHI:     SubSysId    : 177f1043
[2022.10.25-00.38.25:471][  0]LogD3D11RHI:     Revision    : 00a1
[2022.10.25-00.38.25:471][  0]LogD3D11RHI:     DedicatedVideoMemory : 4154458112 bytes
[2022.10.25-00.38.25:471][  0]LogD3D11RHI:     DedicatedSystemMemory : 0 bytes
[2022.10.25-00.38.25:471][  0]LogD3D11RHI:     SharedSystemMemory : 4209512448 bytes
[2022.10.25-00.38.25:471][  0]LogD3D11RHI:     AdapterLuid : 0 63462
[2022.10.25-00.38.25:521][  0]LogD3D11RHI: RHI has support for 64 bit atomics
[2022.10.25-00.38.25:521][  0]LogD3D11RHI: Async texture creation enabled
[2022.10.25-00.38.25:522][  0]LogD3D11RHI: Array index from any shader is supported
[2022.10.25-00.38.25:545][  0]LogD3D11RHI: GPU Timing Frequency: 1000.000000 (Debug: 2 1)
[2022.10.25-00.38.25:581][  0]LogRHI: GeForceNow SDK initialized: 1
[2022.10.25-00.38.25:826][  0]LogTargetPlatformManager: Display: Loaded TargetPlatform 'AllDesktop'
[2022.10.25-00.38.25:844][  0]LogTargetPlatformManager: Display: Loaded TargetPlatform 'Android'
[2022.10.25-00.38.25:844][  0]LogTargetPlatformManager: Display: Loaded TargetPlatform 'Android_ASTC'
[2022.10.25-00.38.25:844][  0]LogTargetPlatformManager: Display: Loaded TargetPlatform 'Android_DXT'
[2022.10.25-00.38.25:844][  0]LogTargetPlatformManager: Display: Loaded TargetPlatform 'Android_ETC2'
[2022.10.25-00.38.25:844][  0]LogTargetPlatformManager: Display: Loaded TargetPlatform 'AndroidClient'
[2022.10.25-00.38.25:844][  0]LogTargetPlatformManager: Display: Loaded TargetPlatform 'Android_ASTCClient'
[2022.10.25-00.38.25:844][  0]LogTargetPlatformManager: Display: Loaded TargetPlatform 'Android_DXTClient'
[2022.10.25-00.38.25:844][  0]LogTargetPlatformManager: Display: Loaded TargetPlatform 'Android_ETC2Client'
[2022.10.25-00.38.25:844][  0]LogTargetPlatformManager: Display: Loaded TargetPlatform 'Android_Multi'
[2022.10.25-00.38.25:844][  0]LogTargetPlatformManager: Display: Loaded TargetPlatform 'Android_MultiClient'
[2022.10.25-00.38.25:862][  0]LogTargetPlatformManager: Display: Loaded TargetPlatform 'IOSClient'
[2022.10.25-00.38.25:862][  0]LogTargetPlatformManager: Display: Loaded TargetPlatform 'IOS'
[2022.10.25-00.38.25:872][  0]LogTargetPlatformManager: Display: Loaded TargetPlatform 'Linux'
[2022.10.25-00.38.25:877][  0]LogTargetPlatformManager: Display: Loaded TargetPlatform 'LinuxNoEditor'
[2022.10.25-00.38.25:881][  0]LogTargetPlatformManager: Display: Loaded TargetPlatform 'LinuxClient'
[2022.10.25-00.38.25:886][  0]LogTargetPlatformManager: Display: Loaded TargetPlatform 'LinuxServer'
[2022.10.25-00.38.25:895][  0]LogTargetPlatformManager: Display: Loaded TargetPlatform 'LinuxAArch64NoEditor'
[2022.10.25-00.38.25:899][  0]LogTargetPlatformManager: Display: Loaded TargetPlatform 'LinuxAArch64Client'
[2022.10.25-00.38.25:903][  0]LogTargetPlatformManager: Display: Loaded TargetPlatform 'LinuxAArch64Server'
[2022.10.25-00.38.25:927][  0]LogTargetPlatformManager: Display: Loaded TargetPlatform 'Lumin'
[2022.10.25-00.38.25:927][  0]LogTargetPlatformManager: Display: Loaded TargetPlatform 'LuminClient'
[2022.10.25-00.38.25:937][  0]LogTargetPlatformManager: Display: Loaded TargetPlatform 'MacNoEditor'
[2022.10.25-00.38.25:942][  0]LogTargetPlatformManager: Display: Loaded TargetPlatform 'Mac'
[2022.10.25-00.38.25:946][  0]LogTargetPlatformManager: Display: Loaded TargetPlatform 'MacClient'
[2022.10.25-00.38.25:949][  0]LogTargetPlatformManager: Display: Loaded TargetPlatform 'MacServer'
[2022.10.25-00.38.25:959][  0]LogTargetPlatformManager: Display: Loaded TargetPlatform 'TVOSClient'
[2022.10.25-00.38.25:959][  0]LogTargetPlatformManager: Display: Loaded TargetPlatform 'TVOS'
[2022.10.25-00.38.25:968][  0]LogTargetPlatformManager: Display: Loaded TargetPlatform 'WindowsNoEditor'
[2022.10.25-00.38.25:973][  0]LogTargetPlatformManager: Display: Loaded TargetPlatform 'Windows'
[2022.10.25-00.38.25:977][  0]LogTargetPlatformManager: Display: Loaded TargetPlatform 'WindowsClient'
[2022.10.25-00.38.25:981][  0]LogTargetPlatformManager: Display: Loaded TargetPlatform 'WindowsServer'
[2022.10.25-00.38.25:981][  0]LogTargetPlatformManager: Display: Building Assets For Windows
[2022.10.25-00.38.25:988][  0]LogAudioDebug: Display: Lib vorbis DLL was dynamically loaded.
[2022.10.25-00.38.26:021][  0]LogTextureFormatOodle: Display: Oodle Texture 2.9.0 init RDO Off
[2022.10.25-00.38.26:055][  0]LogRendererCore: Ray tracing is disabled. Reason: r.RayTracing=0.
[2022.10.25-00.38.26:056][  0]LogShaderCompilers: Guid format shader working directory is -4 characters bigger than the processId version (../../../../../../Users/Usuario/Desktop/BrickBreaker/Intermediate/Shaders/WorkingDirectory/9288/).
[2022.10.25-00.38.26:056][  0]LogShaderCompilers: Cleaned the shader compiler working directory 'C:/Users/Usuario/AppData/Local/Temp/UnrealShaderWorkingDir/340FF6D9476D9D3F62ACF4973478D2B1/'.
[2022.10.25-00.38.26:057][  0]LogXGEController: Cannot use XGE Controller as Incredibuild is not installed on this machine.
[2022.10.25-00.38.26:057][  0]LogShaderCompilers: Cannot use XGE Shader Compiler as Incredibuild is not installed on this machine.
[2022.10.25-00.38.26:057][  0]LogShaderCompilers: Display: Using Local Shader Compiler.
[2022.10.25-00.38.26:870][  0]LogDerivedDataCache: Display: Max Cache Size: 512 MB
[2022.10.25-00.38.26:978][  0]LogDerivedDataCache: Loaded boot cache 0.11s 94MB C:/Users/Usuario/AppData/Local/UnrealEngine/4.27/DerivedDataCache/Boot.ddc.
[2022.10.25-00.38.26:978][  0]LogDerivedDataCache: Display: Loaded Boot cache: C:/Users/Usuario/AppData/Local/UnrealEngine/4.27/DerivedDataCache/Boot.ddc
[2022.10.25-00.38.26:978][  0]LogDerivedDataCache: FDerivedDataBackendGraph:  Pak pak cache file ../../../../../../Users/Usuario/Desktop/BrickBreaker/DerivedDataCache/DDC.ddp not found, will not use a pak cache.
[2022.10.25-00.38.26:978][  0]LogDerivedDataCache: Unable to find inner node Pak for hierarchical cache Hierarchy.
[2022.10.25-00.38.26:978][  0]LogDerivedDataCache: FDerivedDataBackendGraph:  CompressedPak pak cache file ../../../../../../Users/Usuario/Desktop/BrickBreaker/DerivedDataCache/Compressed.ddp not found, will not use a pak cache.
[2022.10.25-00.38.26:978][  0]LogDerivedDataCache: Unable to find inner node CompressedPak for hierarchical cache Hierarchy.
[2022.10.25-00.38.26:996][  0]LogDerivedDataCache: Display: Pak cache opened for reading ../../../Engine/DerivedDataCache/Compressed.ddp.
[2022.10.25-00.38.26:996][  0]LogDerivedDataCache: FDerivedDataBackendGraph:  EnterprisePak pak cache file ../../../Enterprise/DerivedDataCache/Compressed.ddp not found, will not use a pak cache.
[2022.10.25-00.38.26:996][  0]LogDerivedDataCache: Unable to find inner node EnterprisePak for hierarchical cache Hierarchy.
[2022.10.25-00.38.27:010][  0]LogDerivedDataCache: Speed tests for C:/Users/Usuario/AppData/Local/UnrealEngine/Common/DerivedDataCache took 0.01 seconds
[2022.10.25-00.38.27:010][  0]LogDerivedDataCache: Display: Performance to C:/Users/Usuario/AppData/Local/UnrealEngine/Common/DerivedDataCache: Latency=0.07ms. RandomReadSpeed=132.40MBs, RandomWriteSpeed=163.47MBs. Assigned SpeedClass 'Local'
[2022.10.25-00.38.27:011][  0]LogDerivedDataCache: Using Local data cache path C:/Users/Usuario/AppData/Local/UnrealEngine/Common/DerivedDataCache: Writable
[2022.10.25-00.38.27:011][  0]LogDerivedDataCache: Shared data cache path not found in *engine.ini, will not use an Shared cache.
[2022.10.25-00.38.27:011][  0]LogDerivedDataCache: Unable to find inner node Shared for hierarchical cache Hierarchy.
[2022.10.25-00.38.27:055][  0]LogSlate: Using FreeType 2.10.0
[2022.10.25-00.38.27:056][  0]LogSlate: SlateFontServices - WITH_FREETYPE: 1, WITH_HARFBUZZ: 1
[2022.10.25-00.38.27:087][  0]LogAssetRegistry: FAssetRegistry took 0.0046 seconds to start up
[2022.10.25-00.38.27:423][  0]LogInit: Selected Device Profile: [Windows]
[2022.10.25-00.38.27:423][  0]LogInit: Active device profile: [0000025F5C0A8900][0000025F4EE23180 49] Windows
[2022.10.25-00.38.27:423][  0]LogInit: Profiles: [0000025F5C0A8900][0000025F4EE23180 49] Windows, [0000025F5C063800][0000025F58E11300 49] WindowsNoEditor, [0000025F5C0AB500][0000025F58E15480 49] WindowsServer, [0000025F5C060E00][0000025F3FCED600 49] WindowsClient, [0000025F5C0AB800][0000025F3FCF1780 49] IOS, [0000025F5C062800][0000025F3FCF5900 49] iPadAir, [0000025F5C0AA000][0000025F3FCF9A80 49] iPadAir2, [0000025F5C004A00][0000025F5478E1C0 49] IPadPro, [0000025F5C004B00][0000025F5478A200 49] iPadAir3, [0000025F5C061900][0000025F54792380 49] iPadAir4, [0000025F5C007400][0000025F54796500 49] iPadMini2, [0000025F5C062A00][0000025F4F474680 49] iPadMini3, [0000025F5C005700][0000025F58E0C7C0 49] iPadMini4, [0000025F5C0A9100][0000025F4F478900 49] iPadMini5, [0000025F5C03C300][0000025F4F480B40 49] iPhone6, [0000025F5C03C400][0000025F4F47CB80 49] iPodTouch6, [0000025F5BFF7F00][0000025F4F48CE40 49] iPhone7, [0000025F5BFF7E00][0000025F4F488E80 49] iPodTouch7, [0000025F5C062000][0000025F4C93B000 49] iPhone5S, [0000025F5BFF5A00][0000025F4C93F180 49] iPhone6Plus, [0000025F5C03C200][0000025F4C943300 49] iPhone6S, [0000025F5BFF4600][0000025F4C947480 49] iPhone6SPlus, [0000025F5C03E900][0000025F4C94B600 49] iPhone7Plus, [0000025F5BFF7100][0000025F4C94F780 49] iPhoneSE, [0000025F5C03E200][0000025F4C953900 49] iPhone8, [0000025F5BFF7B00][0000025F4C957A80 49] iPhone8Plus, [0000025F5C03CA00][0000025F4C95BC00 49] iPhoneX, [0000025F5BFF5400][0000025F4C95E200 49] iPhoneXS, [0000025F5C03F900][0000025F4C962380 49] iPhoneXSMax, [0000025F5BFF4900][0000025F4F382500 49] iPhoneXR, [0000025F5C03EF00][0000025F4F386680 49] iPhone11, [0000025F5BFF5300][0000025F4F38A800 49] iPhone11Pro, [0000025F5C03D000][0000025F4F484940 49] iPhone11ProMax, [0000025F5BFF6A00][0000025F4F38EA80 49] iPhoneSE2, [0000025F5C03D400][0000025F4F392BC0 49] iPhone12Mini, [0000025F5BFF6400][0000025F4F396D00 49] iPhone12, [0000025F5C03CD00][0000025F4F39EE80 49] iPhone12Pro, [0000025F5BFF6B00][0000025F4F3A3000 49] iPhone12ProMax, [0000025F5C03F000][0000025F4F3A7180 49] iPadPro105, [0000025F5BFF4700][0000025F4F3AB300 49] iPadPro129, [0000025F5C03E800][0000025F4F3AF480 49] iPadPro97, [0000025F5BFF6600][0000025F4F3B3600 49] iPadPro2_129, [0000025F5C03FC00][0000025F4F3B7780 49] iPad5, [0000025F5BFF6200][0000025F4F3BB900 49] iPad6, [0000025F5C03CF00][0000025F4F3BFA80 49] iPad7, [0000025F5BFF6D00][0000025F4F3C3C00 49] iPad8, [0000025F5C03D100][0000025F4F3C6200 49] iPadPro11, [0000025F5BFF5600][0000025F4F3CA380 49] iPadPro2_11, [0000025F5C03F400][0000025F4F3CE500 49] iPadPro3_129, [0000025F5BFF6800][0000025F4F3D2680 49] iPadPro4_129, [0000025F5C03FA00][0000025F4F3D6800 49] AppleTV, [0000025F5BFF6100][0000025F4F3DA980 49] AppleTV4K, [0000025F5C03DF00][0000025F4F3DEB00 49] TVOS, [0000025F5BFF7400][0000025F4F39AC40 49] Mac, [0000025F5C03F800][0000025F4F3E2D80 49] MacClient, [0000025F5BFF5E00][0000025F4F3E6EC0 49] MacNoEditor, [0000025F5C03FF00][0000025F4F3EF040 49] MacServer, [0000025F5BFF7500][0000025F4F3F31C0 49] Linux, [0000025F5C03CC00][0000025F4F3F7340 49] LinuxAArch64, [0000025F5BFF6F00][0000025F4F3FB4C0 49] LinuxNoEditor, [0000025F5C03CB00][0000025F4F3FF640 49] LinuxAArch64NoEditor, [0000025F5BFF7700][0000025F4F4037C0 49] LinuxClient, [0000025F5C03DA00][0000025F4F407940 49] LinuxAArch64Client, [0000025F5BFF5000][0000025F4F40BAC0 49] LinuxServer, [0000025F5C03E500][0000025F4F40E0C0 49] LinuxAArch64Server, [0000025F5BFF5900][0000025F4F412240 49] Android, [0000025F5C03D300][0000025F4F4163C0 49] Android_Low, [0000025F5BFF6700][0000025F5A180540 49] Android_Mid, [0000025F5C03EB00][0000025F5A1846C0 49] Android_High, [0000025F5BFF7800][0000025F5A188840 49] Android_Default, [0000025F5C03D600][0000025F5A18C9C0 49] Android_Adreno4xx, [0000025F5BFF5500][0000025F5A190B40 49] Android_Adreno5xx_Low, [0000025F5C007600][0000025F5A194CC0 49] Android_Adreno5xx, [0000025F5C061800][0000025F4F3EAE00 49] Android_Adreno6xx, [0000025F5C005200][0000025F5A198F40 49] Android_Adreno6xx_Vulkan, [0000025F5C063C00][0000025F5A19D080 49] Android_Mali_T6xx, [0000025F5C005100][0000025F5A1A11C0 49] Android_Mali_T7xx, [0000025F5C061600][0000025F5A1A9340 49] Android_Mali_T8xx, [0000025F5C005E00][0000025F5A1AD4C0 49] Android_Mali_G71, [0000025F5C060500][0000025F5A1B1640 49] Android_Mali_G72, [0000025F5C004800][0000025F5A1B57C0 49] Android_Mali_G72_Vulkan, [0000025F5C061300][0000025F5A1B9940 49] Android_Mali_G76, [0000025F5C004100][0000025F5A1BDAC0 49] Android_Mali_G76_Vulkan, [0000025F5C061F00][0000025F5A1C00C0 49] Android_Mali_G77, [0000025F5C005000][0000025F5A1C4240 49] Android_Mali_G77_Vulkan, [0000025F5C060A00][0000025F5A1C83C0 49] Android_Mali_G78, [0000025F5C006C00][0000025F5A1CC540 49] Android_Mali_G78_Vulkan, [0000025F5C063600][0000025F5A1D06C0 49] Android_Mali_G710, [0000025F5C006A00][0000025F5A1D4840 49] Android_Mali_G710_Vulkan, [0000025F5C063F00][0000025F5A1D89C0 49] Android_Vulkan_SM5, [0000025F5C007B00][0000025F5A1DCB40 49] Android_PowerVR_G6xxx, [0000025F5C063B00][0000025F5A1E0CC0 49] Android_PowerVR_GT7xxx, [0000025F5C007900][0000025F5A1E4E40 49] Android_PowerVR_GE8xxx, [0000025F5C060C00][0000025F5A1A4F80 49] Android_PowerVR_GM9xxx, [0000025F5C006700][0000025F5A1E90C0 49] Android_PowerVR_GM9xxx_Vulkan, [0000025F5C062700][0000025F5A1ED200 49] Android_TegraK1, [0000025F5C004900][0000025F5A1F1340 49] Android_Unknown_Vulkan, [0000025F5C061D00][0000025F5A1F94C0 49] Lumin, [0000025F5C004500][0000025F5A1FD640 49] Lumin_Desktop, [0000025F5C063300][0000025F5A2017C0 49] HoloLens, 
[2022.10.25-00.38.27:575][  0]LogMeshReduction: Using QuadricMeshReduction for automatic static mesh reduction
[2022.10.25-00.38.27:575][  0]LogMeshReduction: Using SimplygonMeshReduction for automatic skeletal mesh reduction
[2022.10.25-00.38.27:575][  0]LogMeshReduction: Using ProxyLODMeshReduction for automatic mesh merging
[2022.10.25-00.38.27:575][  0]LogMeshReduction: No distributed automatic mesh merging module available
[2022.10.25-00.38.27:575][  0]LogMeshMerging: No distributed automatic mesh merging module available
[2022.10.25-00.38.27:597][  0]LogNetVersion: BrickBreaker 1.0.0, NetCL: 17155196, EngineNetVer: 17, GameNetVer: 0 (Checksum: 3249481245)
[2022.10.25-00.38.28:150][  0]LogTexture: Default maximum texture size for cubemaps generated from long-lat sources has been changed from 512 to unlimited. In order to preserve old behaiour for '/Engine/MapTemplates/Sky/DaylightAmbientCubemap.DaylightAmbientCubemap', its maximum texture size has been explicitly set to 512.
[2022.10.25-00.38.28:218][  0]LogHMD: PokeAHoleMaterial loaded successfully
[2022.10.25-00.38.28:227][  0]LogUObjectArray: 17178 objects as part of root set at end of initial load.
[2022.10.25-00.38.28:227][  0]LogUObjectAllocator: 4302048 out of 0 bytes used by permanent object pool.
[2022.10.25-00.38.28:227][  0]LogUObjectArray: CloseDisregardForGC: 0/0 objects in disregard for GC pool
[2022.10.25-00.38.28:602][  0]LogNiagaraDebuggerClient: Niagara Debugger Client Initialized | Session: BC9C7ECF425F3FCAB4A65992EA64CBBD | Instance: DF5F8F254739F4956DB598A665684C9A (LAPTOP-ADK72C9F-9288).
[2022.10.25-00.38.28:812][  0]LogPython: Using Python 3.7.7
[2022.10.25-00.38.29:301][  0]LogTcpMessaging: Initializing TcpMessaging bridge
[2022.10.25-00.38.29:307][  0]LogUdpMessaging: Initializing bridge on interface 0.0.0.0:0 to multicast group 230.0.0.1:6666.
[2022.10.25-00.38.29:364][  0]LogLinker: Warning: [AssetLog] C:\Users\Usuario\Desktop\BrickBreaker\Content\Materials\M_Brick.uasset: Failed to load '/Game/Materials/CollisionMaterial': Can't find file.
[2022.10.25-00.38.29:364][  0]LogLinker: Warning: [AssetLog] C:\Users\Usuario\Desktop\BrickBreaker\Content\Materials\M_Brick.uasset: Failed to load '/Game/Materials/CollisionMaterial': Can't find file.
[2022.10.25-00.38.29:364][  0]LogLinker: Warning: [AssetLog] C:\Users\Usuario\Desktop\BrickBreaker\Content\Materials\M_Brick.uasset: Failed to load '/Game/Materials/CollisionMaterial': Can't find file.
[2022.10.25-00.38.29:364][  0]LogLinker: Warning: [AssetLog] C:\Users\Usuario\Desktop\BrickBreaker\Content\Meshes\SM_Brick.uasset: Failed to load '/Game/Materials/CollisionMaterial': Can't find file.
[2022.10.25-00.38.29:364][  0]LogLinker: Warning: [AssetLog] C:\Users\Usuario\Desktop\BrickBreaker\Content\Meshes\SM_Brick.uasset: Failed to load '/Game/Materials/CollisionMaterial': Can't find file.
[2022.10.25-00.38.29:364][  0]LogLinker: Warning: [AssetLog] C:\Users\Usuario\Desktop\BrickBreaker\Content\Materials\M_Brick.uasset: Failed to load '/Game/Materials/CollisionMaterial': Can't find file.
[2022.10.25-00.38.29:366][  0]LoadErrors: Error al cargar /Game/Materials/CollisionMaterial.CollisionMaterial Referenciado por M_Brick
[2022.10.25-00.38.29:366][  0]LogLinker: Warning: [AssetLog] C:\Users\Usuario\Desktop\BrickBreaker\Content\Meshes\SM_Brick.uasset: Failed to load '/Game/Materials/CollisionMaterial': Can't find file.
[2022.10.25-00.38.29:366][  0]LoadErrors: Error al cargar /Game/Materials/CollisionMaterial.CollisionMaterial Referenciado por BodySetup_0
[2022.10.25-00.38.29:369][  0]LogOutputDevice: Warning: 

Script Stack (0 frames):

[2022.10.25-00.38.29:369][  0]LogWindows: Windows GetLastError: La operación se completó correctamente. (0)
[2022.10.25-00.38.29:949][  0]LogWindows: Error: === Critical error: ===
[2022.10.25-00.38.29:949][  0]LogWindows: Error: 
[2022.10.25-00.38.29:949][  0]LogWindows: Error: Fatal error: [File:D:/Build/++UE4/Sync/Engine/Source/Runtime/CoreUObject/Private/UObject/UObjectGlobals.cpp] [Line: 3831] 
[2022.10.25-00.38.29:949][  0]LogWindows: Error: Default subobject StaticMeshComponent Brick already exists for Brick /Script/BrickBreaker.Default__Brick.
[2022.10.25-00.38.29:949][  0]LogWindows: Error: 
[2022.10.25-00.38.29:949][  0]LogWindows: Error: 
[2022.10.25-00.38.29:949][  0]LogWindows: Error: [Callstack] 0x00007ffdc94f474c KERNELBASE.dll!UnknownFunction []
[2022.10.25-00.38.29:949][  0]LogWindows: Error: [Callstack] 0x00007ffd01bb0216 UE4Editor-Core.dll!UnknownFunction []
[2022.10.25-00.38.29:949][  0]LogWindows: Error: [Callstack] 0x00007ffd01bb4218 UE4Editor-Core.dll!UnknownFunction []
[2022.10.25-00.38.29:949][  0]LogWindows: Error: [Callstack] 0x00007ffd018d242d UE4Editor-Core.dll!UnknownFunction []
[2022.10.25-00.38.29:949][  0]LogWindows: Error: [Callstack] 0x00007ffd01215ff4 UE4Editor-CoreUObject.dll!UnknownFunction []
[2022.10.25-00.38.29:949][  0]LogWindows: Error: [Callstack] 0x00007ffd010f021f UE4Editor-CoreUObject.dll!UnknownFunction []
[2022.10.25-00.38.29:949][  0]LogWindows: Error: [Callstack] 0x00007ffd145331a2 UE4Editor-BrickBreaker-0032.dll!ABrick::ABrick() [C:\Users\Usuario\Desktop\BrickBreaker\Source\BrickBreaker\Brick.cpp:21]
[2022.10.25-00.38.29:949][  0]LogWindows: Error: [Callstack] 0x00007ffd00f361d3 UE4Editor-CoreUObject.dll!UnknownFunction []
[2022.10.25-00.38.29:949][  0]LogWindows: Error: [Callstack] 0x00007ffd01258faf UE4Editor-CoreUObject.dll!UnknownFunction []
[2022.10.25-00.38.29:949][  0]LogWindows: Error: [Callstack] 0x00007ffd01235411 UE4Editor-CoreUObject.dll!UnknownFunction []
[2022.10.25-00.38.29:949][  0]LogWindows: Error: [Callstack] 0x00007ffd010fddc5 UE4Editor-CoreUObject.dll!UnknownFunction []
[2022.10.25-00.38.29:949][  0]LogWindows: Error: [Callstack] 0x00007ffd01911bea UE4Editor-Core.dll!UnknownFunction []
[2022.10.25-00.38.29:949][  0]LogWindows: Error: [Callstack] 0x00007ffd019315a3 UE4Editor-Core.dll!UnknownFunction []
[2022.10.25-00.38.29:949][  0]LogWindows: Error: [Callstack] 0x00007ffd92816433 UE4Editor-Projects.dll!UnknownFunction []
[2022.10.25-00.38.29:949][  0]LogWindows: Error: [Callstack] 0x00007ffd9281674f UE4Editor-Projects.dll!UnknownFunction []
[2022.10.25-00.38.29:949][  0]LogWindows: Error: [Callstack] 0x00007ff6bdb95642 UE4Editor.exe!UnknownFunction []
[2022.10.25-00.38.29:949][  0]LogWindows: Error: [Callstack] 0x00007ff6bdb99000 UE4Editor.exe!UnknownFunction []
[2022.10.25-00.38.29:949][  0]LogWindows: Error: [Callstack] 0x00007ff6bdb90d2c UE4Editor.exe!UnknownFunction []
[2022.10.25-00.38.29:949][  0]LogWindows: Error: [Callstack] 0x00007ff6bdb910ba UE4Editor.exe!UnknownFunction []
[2022.10.25-00.38.29:949][  0]LogWindows: Error: [Callstack] 0x00007ff6bdb940dd UE4Editor.exe!UnknownFunction []
[2022.10.25-00.38.29:949][  0]LogWindows: Error: [Callstack] 0x00007ff6bdba5984 UE4Editor.exe!UnknownFunction []
[2022.10.25-00.38.29:949][  0]LogWindows: Error: [Callstack] 0x00007ff6bdba853a UE4Editor.exe!UnknownFunction []
[2022.10.25-00.38.29:949][  0]LogWindows: Error: [Callstack] 0x00007ffdca1654e0 KERNEL32.DLL!UnknownFunction []
[2022.10.25-00.38.29:949][  0]LogWindows: Error: [Callstack] 0x00007ffdcb9a485b ntdll.dll!UnknownFunction []
[2022.10.25-00.38.29:949][  0]LogWindows: Error: 
[2022.10.25-00.38.29:961][  0]LogExit: Executing StaticShutdownAfterError
[2022.10.25-00.38.29:963][  0]LogWindows: FPlatformMisc::RequestExit(1)
[2022.10.25-00.38.29:963][  0]LogWindows: FPlatformMisc::RequestExitWithStatus(1, 3)
[2022.10.25-00.38.29:963][  0]LogCore: Engine exit requested (reason: Win RequestExit)
[2022.10.25-00.38.29:971][  0]Log file closed, 10/24/22 20:38:29
