Log file open, 10/24/22 14:44:54
LogWindows: Failed to load 'aqProf.dll' (GetLastError=126)
LogWindows: File 'aqProf.dll' does not exist
LogWindows: Failed to load 'VtuneApi.dll' (GetLastError=126)
LogWindows: File 'VtuneApi.dll' does not exist
LogWindows: Failed to load 'VtuneApi32e.dll' (GetLastError=126)
LogWindows: File 'VtuneApi32e.dll' does not exist
LogConsoleResponse: Display: Failed to find resolution value strings in scalability ini. Falling back to default.
LogConsoleResponse: Display: Failed to find resolution value strings in scalability ini. Falling back to default.
LogInit: Display: Running engine for game: BrickBreaker
LogPlatformFile: Not using cached read wrapper
LogTaskGraph: Started task graph with 5 named threads and 23 total threads with 3 sets of task threads.
LogStats: Stats thread started at 0.228383
LogICUInternationalization: ICU TimeZone Detection - Raw Offset: -4:00, Platform Override: ''
LogInit: Display: Loading text-based GConfig....
LogPluginManager: Mounting plugin MeshPainting
LogPluginManager: Mounting plugin XGEController
LogPluginManager: Mounting plugin Paper2D
LogPluginManager: Mounting plugin AISupport
LogPluginManager: Mounting plugin EnvironmentQueryEditor
LogPluginManager: Mounting plugin LiveLink
LogPluginManager: Mounting plugin AssetManagerEditor
LogPluginManager: Mounting plugin OodleData
LogPluginManager: Mounting plugin OodleNetwork
LogPluginManager: Mounting plugin CryptoKeys
LogPluginManager: Mounting plugin CurveEditorTools
LogPluginManager: Mounting plugin DataValidation
LogPluginManager: Mounting plugin FacialAnimation
LogPluginManager: Mounting plugin GeometryMode
LogPluginManager: Mounting plugin GameplayTagsEditor
LogPluginManager: Mounting plugin MacGraphicsSwitching
LogPluginManager: Mounting plugin MaterialAnalyzer
LogPluginManager: Mounting plugin MobileLauncherProfileWizard
LogPluginManager: Mounting plugin PluginBrowser
LogPluginManager: Mounting plugin SpeedTreeImporter
LogPluginManager: Mounting plugin AnimationSharing
LogPluginManager: Mounting plugin CLionSourceCodeAccess
LogPluginManager: Mounting plugin CodeLiteSourceCodeAccess
LogPluginManager: Mounting plugin LightPropagationVolume
LogPluginManager: Mounting plugin GitSourceControl
LogPluginManager: Mounting plugin KDevelopSourceCodeAccess
LogPluginManager: Mounting plugin NullSourceCodeAccess
LogPluginManager: Mounting plugin PerforceSourceControl
LogPluginManager: Mounting plugin PixWinPlugin
LogPluginManager: Mounting plugin PluginUtils
LogPluginManager: Mounting plugin PropertyAccessNode
LogPluginManager: Mounting plugin RiderSourceCodeAccess
LogPluginManager: Mounting plugin PlasticSourceControl
LogPluginManager: Mounting plugin SubversionSourceControl
LogPluginManager: Mounting plugin TextureFormatOodle
LogPluginManager: Mounting plugin UObjectPlugin
LogPluginManager: Mounting plugin VisualStudioCodeSourceCodeAccess
LogPluginManager: Mounting plugin VisualStudioSourceCodeAccess
LogPluginManager: Mounting plugin XCodeSourceCodeAccess
LogPluginManager: Mounting plugin DatasmithContent
LogPluginManager: Mounting plugin VariantManagerContent
LogPluginManager: Mounting plugin AlembicImporter
LogPluginManager: Mounting plugin AutomationUtils
LogPluginManager: Mounting plugin BackChannel
LogPluginManager: Mounting plugin ChaosCloth
LogPluginManager: Mounting plugin ChaosClothEditor
LogPluginManager: Mounting plugin ChaosEditor
LogPluginManager: Mounting plugin ChaosNiagara
LogPluginManager: Mounting plugin ChaosSolverPlugin
LogPluginManager: Mounting plugin CharacterAI
LogPluginManager: Mounting plugin Niagara
LogPluginManager: Mounting plugin GeometryCache
LogPluginManager: Mounting plugin GeometryCollectionPlugin
LogPluginManager: Mounting plugin GeometryProcessing
LogPluginManager: Mounting plugin MotoSynth
LogPluginManager: Mounting plugin OpenImageDenoise
LogPluginManager: Mounting plugin PlanarCut
LogPluginManager: Mounting plugin ProxyLODPlugin
LogPluginManager: Mounting plugin PlatformCrypto
LogPluginManager: Mounting plugin PythonScriptPlugin
LogPluginManager: Mounting plugin LuminPlatformFeatures
LogPluginManager: Mounting plugin MagicLeap
LogPluginManager: Mounting plugin MagicLeapLightEstimation
LogPluginManager: Mounting plugin MagicLeapMedia
LogPluginManager: Mounting plugin MagicLeapPassableWorld
LogPluginManager: Mounting plugin SkeletalReduction
LogPluginManager: Mounting plugin MLSDK
LogPluginManager: Mounting plugin AndroidMedia
LogPluginManager: Mounting plugin AvfMedia
LogPluginManager: Mounting plugin ImgMedia
LogPluginManager: Mounting plugin MediaCompositing
LogPluginManager: Mounting plugin MediaPlayerEditor
LogPluginManager: Mounting plugin WebMMedia
LogPluginManager: Mounting plugin WmfMedia
LogPluginManager: Mounting plugin TcpMessaging
LogPluginManager: Mounting plugin UdpMessaging
LogPluginManager: Mounting plugin ActorSequence
LogPluginManager: Mounting plugin LevelSequenceEditor
LogPluginManager: Mounting plugin MatineeToLevelSequence
LogPluginManager: Mounting plugin TemplateSequence
LogPluginManager: Mounting plugin LauncherChunkInstaller
LogPluginManager: Mounting plugin OnlineSubsystem
LogPluginManager: Mounting plugin OnlineSubsystemNull
LogPluginManager: Mounting plugin OnlineSubsystemUtils
LogPluginManager: Mounting plugin ActorLayerUtilities
LogPluginManager: Mounting plugin AndroidDeviceProfileSelector
LogPluginManager: Mounting plugin AndroidMoviePlayer
LogPluginManager: Mounting plugin AndroidPermission
LogPluginManager: Mounting plugin AppleImageUtils
LogPluginManager: Mounting plugin AppleMoviePlayer
LogPluginManager: Mounting plugin ArchVisCharacter
LogPluginManager: Mounting plugin AssetTags
LogPluginManager: Mounting plugin AudioCapture
LogPluginManager: Mounting plugin AudioSynesthesia
LogPluginManager: Mounting plugin CableComponent
LogPluginManager: Mounting plugin ChunkDownloader
LogPluginManager: Mounting plugin CustomMeshComponent
LogPluginManager: Mounting plugin ExampleDeviceProfileSelector
LogPluginManager: Mounting plugin EditableMesh
LogPluginManager: Mounting plugin GoogleCloudMessaging
LogPluginManager: Mounting plugin GooglePAD
LogPluginManager: Mounting plugin IOSDeviceProfileSelector
LogPluginManager: Mounting plugin LinuxDeviceProfileSelector
LogPluginManager: Mounting plugin ScreenshotTools
LogPluginManager: Mounting plugin LocationServicesBPLibrary
LogPluginManager: Mounting plugin MobilePatchingUtils
LogPluginManager: Mounting plugin OpenXREyeTracker
LogPluginManager: Mounting plugin OpenXRHandTracking
LogPluginManager: Mounting plugin OpenXR
LogPluginManager: Mounting plugin PhysXVehicles
LogPluginManager: Mounting plugin PostSplashScreen
LogPluginManager: Mounting plugin PropertyAccessEditor
LogPluginManager: Mounting plugin RuntimePhysXCooking
LogPluginManager: Mounting plugin ProceduralMeshComponent
LogPluginManager: Mounting plugin SignificanceManager
LogPluginManager: Mounting plugin SoundFields
LogPluginManager: Mounting plugin Synthesis
LogPluginManager: Mounting plugin Takes
LogPluginManager: Mounting plugin WebMMoviePlayer
LogPluginManager: Mounting plugin WindowsMoviePlayer
LogPluginManager: Mounting plugin GameplayCameras
LogPluginManager: Mounting plugin CameraShakePreviewer
LogPluginManager: Mounting plugin ContentBrowserClassDataSource
LogPluginManager: Mounting plugin ContentBrowserAssetDataSource
LogPluginManager: Mounting plugin ContentBrowserFileDataSource
LogPluginManager: Mounting plugin OnlineSubsystemGooglePlay
LogPluginManager: Mounting plugin OnlineSubsystemIOS
LogPluginManager: Mounting plugin OculusVR
LogPluginManager: Mounting plugin SteamVR
PixWinPlugin: PIX capture plugin failed to initialize! Check that the process is launched from PIX.
LogInit: Using libcurl 7.55.1-DEV
LogInit:  - built for x86_64-pc-win32
LogInit:  - supports SSL with OpenSSL/1.1.1
LogInit:  - supports HTTP deflate (compression) using libz 1.2.8
LogInit:  - other features:
LogInit:      CURL_VERSION_SSL
LogInit:      CURL_VERSION_LIBZ
LogInit:      CURL_VERSION_IPV6
LogInit:      CURL_VERSION_ASYNCHDNS
LogInit:      CURL_VERSION_LARGEFILE
LogInit:      CURL_VERSION_IDN
LogInit:  CurlRequestOptions (configurable via config and command line):
LogInit:  - bVerifyPeer = true  - Libcurl will verify peer certificate
LogInit:  - bUseHttpProxy = false  - Libcurl will NOT use HTTP proxy
LogInit:  - bDontReuseConnections = false  - Libcurl will reuse connections
LogInit:  - MaxHostConnections = 16  - Libcurl will limit the number of connections to a host
LogInit:  - LocalHostAddr = Default
LogInit:  - BufferSize = 65536
LogOnline: OSS: Creating online subsystem instance for: NULL
LogInit: WinSock: version 1.1 (2.2), MaxSocks=32767, MaxUdp=65467
LogOnline: OSS: TryLoadSubsystemAndSetDefault: Loaded subsystem for module [NULL]
LogOculusPluginWrapper: OculusPlugin initialized successfully
LogHMD: Failed initializing OVRPlugin 1.59.0
LogInit: Build: ++UE4+Release-4.27-CL-18319896
LogInit: Engine Version: 4.27.2-18319896+++UE4+Release-4.27
LogInit: Compatible Engine Version: 4.27.0-17155196+++UE4+Release-4.27
LogInit: Net CL: 17155196
LogInit: OS: Windows 10 (Release 2009) (), CPU: Intel(R) Core(TM) i5-10300H CPU @ 2.50GHz, GPU: Intel(R) UHD Graphics
LogInit: Compiled (64-bit): Nov 30 2021 07:12:08
LogInit: Compiled with Visual C++: 19.24.28315.00
LogInit: Build Configuration: Development
LogInit: Branch Name: ++UE4+Release-4.27
LogInit: Command Line: 
LogInit: Base Directory: C:/Program Files/Epic Games/UE_4.27/Engine/Binaries/Win64/
LogInit: Allocator: TBB
LogInit: Installed Engine Build: 1
LogDevObjectVersion: Number of dev versions registered: 29
LogDevObjectVersion:   Dev-Blueprints (B0D832E4-1F89-4F0D-ACCF-7EB736FD4AA2): 10
LogDevObjectVersion:   Dev-Build (E1C64328-A22C-4D53-A36C-8E866417BD8C): 0
LogDevObjectVersion:   Dev-Core (375EC13C-06E4-48FB-B500-84F0262A717E): 4
LogDevObjectVersion:   Dev-Editor (E4B068ED-F494-42E9-A231-DA0B2E46BB41): 40
LogDevObjectVersion:   Dev-Framework (CFFC743F-43B0-4480-9391-14DF171D2073): 37
LogDevObjectVersion:   Dev-Mobile (B02B49B5-BB20-44E9-A304-32B752E40360): 3
LogDevObjectVersion:   Dev-Networking (A4E4105C-59A1-49B5-A7C5-40C4547EDFEE): 0
LogDevObjectVersion:   Dev-Online (39C831C9-5AE6-47DC-9A44-9C173E1C8E7C): 0
LogDevObjectVersion:   Dev-Physics (78F01B33-EBEA-4F98-B9B4-84EACCB95AA2): 14
LogDevObjectVersion:   Dev-Platform (6631380F-2D4D-43E0-8009-CF276956A95A): 0
LogDevObjectVersion:   Dev-Rendering (12F88B9F-8875-4AFC-A67C-D90C383ABD29): 45
LogDevObjectVersion:   Dev-Sequencer (7B5AE74C-D270-4C10-A958-57980B212A5A): 13
LogDevObjectVersion:   Dev-VR (D7296918-1DD6-4BDD-9DE2-64A83CC13884): 3
LogDevObjectVersion:   Dev-LoadTimes (C2A15278-BFE7-4AFE-6C17-90FF531DF755): 1
LogDevObjectVersion:   Private-Geometry (6EACA3D4-40EC-4CC1-B786-8BED09428FC5): 3
LogDevObjectVersion:   Dev-AnimPhys (29E575DD-E0A3-4627-9D10-D276232CDCEA): 17
LogDevObjectVersion:   Dev-Anim (AF43A65D-7FD3-4947-9873-3E8ED9C1BB05): 15
LogDevObjectVersion:   Dev-ReflectionCapture (6B266CEC-1EC7-4B8F-A30B-E4D90942FC07): 1
LogDevObjectVersion:   Dev-Automation (0DF73D61-A23F-47EA-B727-89E90C41499A): 1
LogDevObjectVersion:   FortniteMain (601D1886-AC64-4F84-AA16-D3DE0DEAC7D6): 47
LogDevObjectVersion:   FortniteRelease (E7086368-6B23-4C58-8439-1B7016265E91): 1
LogDevObjectVersion:   Dev-Enterprise (9DFFBCD6-494F-0158-E221-12823C92A888): 10
LogDevObjectVersion:   Dev-Niagara (F2AED0AC-9AFE-416F-8664-AA7FFA26D6FC): 1
LogDevObjectVersion:   Dev-Destruction (174F1F0B-B4C6-45A5-B13F-2EE8D0FB917D): 10
LogDevObjectVersion:   Dev-Physics-Ext (35F94A83-E258-406C-A318-09F59610247C): 41
LogDevObjectVersion:   Dev-PhysicsMaterial-Chaos (B68FC16E-8B1B-42E2-B453-215C058844FE): 1
LogDevObjectVersion:   Dev-CineCamera (B2E18506-4273-CFC2-A54E-F4BB758BBA07): 1
LogDevObjectVersion:   Dev-VirtualProduction (64F58936-FD1B-42BA-BA96-7289D5D0FA4E): 1
LogDevObjectVersion:   Dev-MediaFramework (6F0ED827-A609-4895-9C91-998D90180EA4): 2
LogInit: Presizing for max 25165824 objects, including 0 objects not considered by GC, pre-allocating 0 bytes for permanent pool.
LogConfig: Applying CVar settings from Section [/Script/Engine.StreamingSettings] File [C:/Users/Usuario/Desktop/BrickBreaker/Saved/Config/Windows/Engine.ini]
LogConfig: Setting CVar [[s.MinBulkDataSizeForAsyncLoading:131072]]
LogConfig: Setting CVar [[s.AsyncLoadingThreadEnabled:0]]
LogConfig: Setting CVar [[s.EventDrivenLoaderEnabled:1]]
LogConfig: Setting CVar [[s.WarnIfTimeLimitExceeded:0]]
LogConfig: Setting CVar [[s.TimeLimitExceededMultiplier:1.5]]
LogConfig: Setting CVar [[s.TimeLimitExceededMinTime:0.005]]
LogConfig: Setting CVar [[s.UseBackgroundLevelStreaming:1]]
LogConfig: Setting CVar [[s.PriorityAsyncLoadingExtraTime:15.0]]
LogConfig: Setting CVar [[s.LevelStreamingActorsUpdateTimeLimit:5.0]]
LogConfig: Setting CVar [[s.PriorityLevelStreamingActorsUpdateExtraTime:5.0]]
LogConfig: Setting CVar [[s.LevelStreamingComponentsRegistrationGranularity:10]]
LogConfig: Setting CVar [[s.UnregisterComponentsTimeLimit:1.0]]
LogConfig: Setting CVar [[s.LevelStreamingComponentsUnregistrationGranularity:5]]
LogConfig: Setting CVar [[s.FlushStreamingOnExit:1]]
LogInit: Object subsystem initialized
LogConfig: Setting CVar [[con.DebugEarlyDefault:1]]
LogConfig: Setting CVar [[r.setres:1280x720]]
[2022.10.24-18.44.54:994][  0]LogConfig: Setting CVar [[r.VSync:0]]
[2022.10.24-18.44.54:994][  0]LogConfig: Setting CVar [[r.RHICmdBypass:0]]
[2022.10.24-18.44.54:995][  0]LogConfig: Applying CVar settings from Section [/Script/Engine.RendererSettings] File [C:/Users/Usuario/Desktop/BrickBreaker/Saved/Config/Windows/Engine.ini]
[2022.10.24-18.44.54:995][  0]LogConfig: Setting CVar [[r.GPUCrashDebugging:0]]
[2022.10.24-18.44.54:995][  0]LogConfig: Applying CVar settings from Section [/Script/Engine.RendererOverrideSettings] File [C:/Users/Usuario/Desktop/BrickBreaker/Saved/Config/Windows/Engine.ini]
[2022.10.24-18.44.54:995][  0]LogConfig: Applying CVar settings from Section [/Script/Engine.StreamingSettings] File [C:/Users/Usuario/Desktop/BrickBreaker/Saved/Config/Windows/Engine.ini]
[2022.10.24-18.44.54:995][  0]LogConfig: Setting CVar [[s.MinBulkDataSizeForAsyncLoading:131072]]
[2022.10.24-18.44.54:995][  0]LogConfig: Setting CVar [[s.AsyncLoadingThreadEnabled:0]]
[2022.10.24-18.44.54:995][  0]LogConfig: Setting CVar [[s.EventDrivenLoaderEnabled:1]]
[2022.10.24-18.44.54:995][  0]LogConfig: Setting CVar [[s.WarnIfTimeLimitExceeded:0]]
[2022.10.24-18.44.54:995][  0]LogConfig: Setting CVar [[s.TimeLimitExceededMultiplier:1.5]]
[2022.10.24-18.44.54:995][  0]LogConfig: Setting CVar [[s.TimeLimitExceededMinTime:0.005]]
[2022.10.24-18.44.54:995][  0]LogConfig: Setting CVar [[s.UseBackgroundLevelStreaming:1]]
[2022.10.24-18.44.54:995][  0]LogConfig: Setting CVar [[s.PriorityAsyncLoadingExtraTime:15.0]]
[2022.10.24-18.44.54:995][  0]LogConfig: Setting CVar [[s.LevelStreamingActorsUpdateTimeLimit:5.0]]
[2022.10.24-18.44.54:995][  0]LogConfig: Setting CVar [[s.PriorityLevelStreamingActorsUpdateExtraTime:5.0]]
[2022.10.24-18.44.54:995][  0]LogConfig: Setting CVar [[s.LevelStreamingComponentsRegistrationGranularity:10]]
[2022.10.24-18.44.54:995][  0]LogConfig: Setting CVar [[s.UnregisterComponentsTimeLimit:1.0]]
[2022.10.24-18.44.54:995][  0]LogConfig: Setting CVar [[s.LevelStreamingComponentsUnregistrationGranularity:5]]
[2022.10.24-18.44.54:995][  0]LogConfig: Setting CVar [[s.FlushStreamingOnExit:1]]
[2022.10.24-18.44.54:995][  0]LogConfig: Applying CVar settings from Section [/Script/Engine.GarbageCollectionSettings] File [C:/Users/Usuario/Desktop/BrickBreaker/Saved/Config/Windows/Engine.ini]
[2022.10.24-18.44.54:995][  0]LogConfig: Setting CVar [[gc.MaxObjectsNotConsideredByGC:1]]
[2022.10.24-18.44.54:995][  0]LogConfig: Setting CVar [[gc.SizeOfPermanentObjectPool:0]]
[2022.10.24-18.44.54:995][  0]LogConfig: Setting CVar [[gc.FlushStreamingOnGC:0]]
[2022.10.24-18.44.54:995][  0]LogConfig: Setting CVar [[gc.NumRetriesBeforeForcingGC:10]]
[2022.10.24-18.44.54:995][  0]LogConfig: Setting CVar [[gc.AllowParallelGC:1]]
[2022.10.24-18.44.54:995][  0]LogConfig: Setting CVar [[gc.TimeBetweenPurgingPendingKillObjects:61.1]]
[2022.10.24-18.44.54:995][  0]LogConfig: Setting CVar [[gc.MaxObjectsInEditor:25165824]]
[2022.10.24-18.44.54:995][  0]LogConfig: Setting CVar [[gc.IncrementalBeginDestroyEnabled:1]]
[2022.10.24-18.44.54:995][  0]LogConfig: Setting CVar [[gc.CreateGCClusters:1]]
[2022.10.24-18.44.54:995][  0]LogConfig: Setting CVar [[gc.MinGCClusterSize:5]]
[2022.10.24-18.44.54:995][  0]LogConfig: Setting CVar [[gc.ActorClusteringEnabled:0]]
[2022.10.24-18.44.54:995][  0]LogConfig: Setting CVar [[gc.BlueprintClusteringEnabled:0]]
[2022.10.24-18.44.54:995][  0]LogConfig: Setting CVar [[gc.UseDisregardForGCOnDedicatedServers:0]]
[2022.10.24-18.44.54:995][  0]LogConfig: Setting CVar [[gc.MultithreadedDestructionEnabled:1]]
[2022.10.24-18.44.54:995][  0]LogConfig: Applying CVar settings from Section [/Script/Engine.NetworkSettings] File [C:/Users/Usuario/Desktop/BrickBreaker/Saved/Config/Windows/Engine.ini]
[2022.10.24-18.44.54:995][  0]LogConfig: Applying CVar settings from Section [/Script/UnrealEd.CookerSettings] File [C:/Users/Usuario/Desktop/BrickBreaker/Saved/Config/Windows/Engine.ini]
[2022.10.24-18.44.55:002][  0]LogConfig: Applying CVar settings from Section [ViewDistanceQuality@3] File [C:/Users/Usuario/Desktop/BrickBreaker/Saved/Config/Windows/Scalability.ini]
[2022.10.24-18.44.55:002][  0]LogConfig: Setting CVar [[r.SkeletalMeshLODBias:0]]
[2022.10.24-18.44.55:002][  0]LogConfig: Setting CVar [[r.ViewDistanceScale:1.0]]
[2022.10.24-18.44.55:002][  0]LogConfig: Applying CVar settings from Section [AntiAliasingQuality@3] File [C:/Users/Usuario/Desktop/BrickBreaker/Saved/Config/Windows/Scalability.ini]
[2022.10.24-18.44.55:002][  0]LogConfig: Setting CVar [[r.PostProcessAAQuality:4]]
[2022.10.24-18.44.55:002][  0]LogConfig: Applying CVar settings from Section [ShadowQuality@3] File [C:/Users/Usuario/Desktop/BrickBreaker/Saved/Config/Windows/Scalability.ini]
[2022.10.24-18.44.55:002][  0]LogConfig: Setting CVar [[r.LightFunctionQuality:1]]
[2022.10.24-18.44.55:002][  0]LogConfig: Setting CVar [[r.ShadowQuality:5]]
[2022.10.24-18.44.55:002][  0]LogConfig: Setting CVar [[r.Shadow.CSM.MaxCascades:10]]
[2022.10.24-18.44.55:002][  0]LogConfig: Setting CVar [[r.Shadow.MaxResolution:2048]]
[2022.10.24-18.44.55:002][  0]LogConfig: Setting CVar [[r.Shadow.MaxCSMResolution:2048]]
[2022.10.24-18.44.55:002][  0]LogConfig: Setting CVar [[r.Shadow.RadiusThreshold:0.01]]
[2022.10.24-18.44.55:002][  0]LogConfig: Setting CVar [[r.Shadow.DistanceScale:1.0]]
[2022.10.24-18.44.55:002][  0]LogConfig: Setting CVar [[r.Shadow.CSM.TransitionScale:1.0]]
[2022.10.24-18.44.55:002][  0]LogConfig: Setting CVar [[r.Shadow.PreShadowResolutionFactor:1.0]]
[2022.10.24-18.44.55:002][  0]LogConfig: Setting CVar [[r.DistanceFieldShadowing:1]]
[2022.10.24-18.44.55:002][  0]LogConfig: Setting CVar [[r.DistanceFieldAO:1]]
[2022.10.24-18.44.55:002][  0]LogConfig: Setting CVar [[r.AOQuality:2]]
[2022.10.24-18.44.55:002][  0]LogConfig: Setting CVar [[r.VolumetricFog:1]]
[2022.10.24-18.44.55:002][  0]LogConfig: Setting CVar [[r.VolumetricFog.GridPixelSize:8]]
[2022.10.24-18.44.55:002][  0]LogConfig: Setting CVar [[r.VolumetricFog.GridSizeZ:128]]
[2022.10.24-18.44.55:002][  0]LogConfig: Setting CVar [[r.VolumetricFog.HistoryMissSupersampleCount:4]]
[2022.10.24-18.44.55:002][  0]LogConfig: Setting CVar [[r.LightMaxDrawDistanceScale:1]]
[2022.10.24-18.44.55:002][  0]LogConfig: Setting CVar [[r.CapsuleShadows:1]]
[2022.10.24-18.44.55:002][  0]LogConfig: Applying CVar settings from Section [PostProcessQuality@3] File [C:/Users/Usuario/Desktop/BrickBreaker/Saved/Config/Windows/Scalability.ini]
[2022.10.24-18.44.55:002][  0]LogConfig: Setting CVar [[r.MotionBlurQuality:4]]
[2022.10.24-18.44.55:002][  0]LogConfig: Setting CVar [[r.AmbientOcclusionMipLevelFactor:0.4]]
[2022.10.24-18.44.55:002][  0]LogConfig: Setting CVar [[r.AmbientOcclusionMaxQuality:100]]
[2022.10.24-18.44.55:002][  0]LogConfig: Setting CVar [[r.AmbientOcclusionLevels:-1]]
[2022.10.24-18.44.55:002][  0]LogConfig: Setting CVar [[r.AmbientOcclusionRadiusScale:1.0]]
[2022.10.24-18.44.55:002][  0]LogConfig: Setting CVar [[r.DepthOfFieldQuality:2]]
[2022.10.24-18.44.55:002][  0]LogConfig: Setting CVar [[r.RenderTargetPoolMin:400]]
[2022.10.24-18.44.55:002][  0]LogConfig: Setting CVar [[r.LensFlareQuality:2]]
[2022.10.24-18.44.55:002][  0]LogConfig: Setting CVar [[r.SceneColorFringeQuality:1]]
[2022.10.24-18.44.55:002][  0]LogConfig: Setting CVar [[r.EyeAdaptationQuality:2]]
[2022.10.24-18.44.55:002][  0]LogConfig: Setting CVar [[r.BloomQuality:5]]
[2022.10.24-18.44.55:002][  0]LogConfig: Setting CVar [[r.FastBlurThreshold:100]]
[2022.10.24-18.44.55:002][  0]LogConfig: Setting CVar [[r.Upscale.Quality:3]]
[2022.10.24-18.44.55:002][  0]LogConfig: Setting CVar [[r.Tonemapper.GrainQuantization:1]]
[2022.10.24-18.44.55:002][  0]LogConfig: Setting CVar [[r.LightShaftQuality:1]]
[2022.10.24-18.44.55:002][  0]LogConfig: Setting CVar [[r.Filter.SizeScale:1]]
[2022.10.24-18.44.55:002][  0]LogConfig: Setting CVar [[r.Tonemapper.Quality:5]]
[2022.10.24-18.44.55:002][  0]LogConfig: Setting CVar [[r.DOF.Gather.AccumulatorQuality:1        ; higher gathering accumulator quality]]
[2022.10.24-18.44.55:002][  0]LogConfig: Setting CVar [[r.DOF.Gather.PostfilterMethod:1          ; Median3x3 postfilering method]]
[2022.10.24-18.44.55:002][  0]LogConfig: Setting CVar [[r.DOF.Gather.EnableBokehSettings:0       ; no bokeh simulation when gathering]]
[2022.10.24-18.44.55:002][  0]LogConfig: Setting CVar [[r.DOF.Gather.RingCount:4                 ; medium number of samples when gathering]]
[2022.10.24-18.44.55:002][  0]LogConfig: Setting CVar [[r.DOF.Scatter.ForegroundCompositing:1    ; additive foreground scattering]]
[2022.10.24-18.44.55:002][  0]LogConfig: Setting CVar [[r.DOF.Scatter.BackgroundCompositing:2    ; additive background scattering]]
[2022.10.24-18.44.55:002][  0]LogConfig: Setting CVar [[r.DOF.Scatter.EnableBokehSettings:1      ; bokeh simulation when scattering]]
[2022.10.24-18.44.55:002][  0]LogConfig: Setting CVar [[r.DOF.Scatter.MaxSpriteRatio:0.1         ; only a maximum of 10% of scattered bokeh]]
[2022.10.24-18.44.55:002][  0]LogConfig: Setting CVar [[r.DOF.Recombine.Quality:1                ; cheap slight out of focus]]
[2022.10.24-18.44.55:002][  0]LogConfig: Setting CVar [[r.DOF.Recombine.EnableBokehSettings:0    ; no bokeh simulation on slight out of focus]]
[2022.10.24-18.44.55:002][  0]LogConfig: Setting CVar [[r.DOF.TemporalAAQuality:1                ; more stable temporal accumulation]]
[2022.10.24-18.44.55:002][  0]LogConfig: Setting CVar [[r.DOF.Kernel.MaxForegroundRadius:0.025]]
[2022.10.24-18.44.55:002][  0]LogConfig: Setting CVar [[r.DOF.Kernel.MaxBackgroundRadius:0.025]]
[2022.10.24-18.44.55:002][  0]LogConfig: Applying CVar settings from Section [TextureQuality@3] File [C:/Users/Usuario/Desktop/BrickBreaker/Saved/Config/Windows/Scalability.ini]
[2022.10.24-18.44.55:002][  0]LogConfig: Setting CVar [[r.Streaming.MipBias:0]]
[2022.10.24-18.44.55:002][  0]LogConfig: Setting CVar [[r.Streaming.AmortizeCPUToGPUCopy:0]]
[2022.10.24-18.44.55:002][  0]LogConfig: Setting CVar [[r.Streaming.MaxNumTexturesToStreamPerFrame:0]]
[2022.10.24-18.44.55:002][  0]LogConfig: Setting CVar [[r.Streaming.Boost:1]]
[2022.10.24-18.44.55:002][  0]LogConfig: Setting CVar [[r.MaxAnisotropy:8]]
[2022.10.24-18.44.55:002][  0]LogConfig: Setting CVar [[r.VT.MaxAnisotropy:8]]
[2022.10.24-18.44.55:002][  0]LogConfig: Setting CVar [[r.Streaming.LimitPoolSizeToVRAM:0]]
[2022.10.24-18.44.55:002][  0]LogConfig: Setting CVar [[r.Streaming.PoolSize:1000]]
[2022.10.24-18.44.55:002][  0]LogConfig: Setting CVar [[r.Streaming.MaxEffectiveScreenSize:0]]
[2022.10.24-18.44.55:002][  0]LogConfig: Applying CVar settings from Section [EffectsQuality@3] File [C:/Users/Usuario/Desktop/BrickBreaker/Saved/Config/Windows/Scalability.ini]
[2022.10.24-18.44.55:002][  0]LogConfig: Setting CVar [[r.TranslucencyLightingVolumeDim:64]]
[2022.10.24-18.44.55:003][  0]LogConfig: Setting CVar [[r.RefractionQuality:2]]
[2022.10.24-18.44.55:003][  0]LogConfig: Setting CVar [[r.SSR.Quality:3]]
[2022.10.24-18.44.55:003][  0]LogConfig: Setting CVar [[r.SSR.HalfResSceneColor:0]]
[2022.10.24-18.44.55:003][  0]LogConfig: Setting CVar [[r.SceneColorFormat:4]]
[2022.10.24-18.44.55:003][  0]LogConfig: Setting CVar [[r.DetailMode:2]]
[2022.10.24-18.44.55:003][  0]LogConfig: Setting CVar [[r.TranslucencyVolumeBlur:1]]
[2022.10.24-18.44.55:003][  0]LogConfig: Setting CVar [[r.MaterialQualityLevel:1 ; High quality]]
[2022.10.24-18.44.55:003][  0]LogConfig: Setting CVar [[r.AnisotropicMaterials:1]]
[2022.10.24-18.44.55:003][  0]LogConfig: Setting CVar [[r.SSS.Scale:1]]
[2022.10.24-18.44.55:003][  0]LogConfig: Setting CVar [[r.SSS.SampleSet:2]]
[2022.10.24-18.44.55:003][  0]LogConfig: Setting CVar [[r.SSS.Quality:1]]
[2022.10.24-18.44.55:003][  0]LogConfig: Setting CVar [[r.SSS.HalfRes:0]]
[2022.10.24-18.44.55:003][  0]LogConfig: Setting CVar [[r.SSGI.Quality:3]]
[2022.10.24-18.44.55:003][  0]LogConfig: Setting CVar [[r.EmitterSpawnRateScale:1.0]]
[2022.10.24-18.44.55:003][  0]LogConfig: Setting CVar [[r.ParticleLightQuality:2]]
[2022.10.24-18.44.55:003][  0]LogConfig: Setting CVar [[r.SkyAtmosphere.AerialPerspectiveLUT.FastApplyOnOpaque:1 ; Always have FastSkyLUT 1 in this case to avoid wrong sky]]
[2022.10.24-18.44.55:003][  0]LogConfig: Setting CVar [[r.SkyAtmosphere.AerialPerspectiveLUT.SampleCountMaxPerSlice:4]]
[2022.10.24-18.44.55:003][  0]LogConfig: Setting CVar [[r.SkyAtmosphere.AerialPerspectiveLUT.DepthResolution:16.0]]
[2022.10.24-18.44.55:003][  0]LogConfig: Setting CVar [[r.SkyAtmosphere.FastSkyLUT:1]]
[2022.10.24-18.44.55:003][  0]LogConfig: Setting CVar [[r.SkyAtmosphere.FastSkyLUT.SampleCountMin:4.0]]
[2022.10.24-18.44.55:003][  0]LogConfig: Setting CVar [[r.SkyAtmosphere.FastSkyLUT.SampleCountMax:128.0]]
[2022.10.24-18.44.55:003][  0]LogConfig: Setting CVar [[r.SkyAtmosphere.SampleCountMin:4.0]]
[2022.10.24-18.44.55:003][  0]LogConfig: Setting CVar [[r.SkyAtmosphere.SampleCountMax:128.0]]
[2022.10.24-18.44.55:003][  0]LogConfig: Setting CVar [[r.SkyAtmosphere.TransmittanceLUT.UseSmallFormat:0]]
[2022.10.24-18.44.55:003][  0]LogConfig: Setting CVar [[r.SkyAtmosphere.TransmittanceLUT.SampleCount:10.0]]
[2022.10.24-18.44.55:003][  0]LogConfig: Setting CVar [[r.SkyAtmosphere.MultiScatteringLUT.SampleCount:15.0]]
[2022.10.24-18.44.55:003][  0]LogConfig: Setting CVar [[r.SkyLight.RealTimeReflectionCapture:1]]
[2022.10.24-18.44.55:003][  0]LogConfig: Applying CVar settings from Section [FoliageQuality@3] File [C:/Users/Usuario/Desktop/BrickBreaker/Saved/Config/Windows/Scalability.ini]
[2022.10.24-18.44.55:003][  0]LogConfig: Setting CVar [[foliage.DensityScale:1.0]]
[2022.10.24-18.44.55:003][  0]LogConfig: Setting CVar [[grass.DensityScale:1.0]]
[2022.10.24-18.44.55:003][  0]LogConfig: Applying CVar settings from Section [ShadingQuality@3] File [C:/Users/Usuario/Desktop/BrickBreaker/Saved/Config/Windows/Scalability.ini]
[2022.10.24-18.44.55:003][  0]LogConfig: Setting CVar [[r.HairStrands.SkyLighting.IntegrationType:2]]
[2022.10.24-18.44.55:003][  0]LogConfig: Setting CVar [[r.HairStrands.SkyAO.SampleCount:4]]
[2022.10.24-18.44.55:003][  0]LogConfig: Setting CVar [[r.HairStrands.Visibility.MSAA.SamplePerPixel:4]]
[2022.10.24-18.44.55:004][  0]LogInit: Selected Device Profile: [Windows]
[2022.10.24-18.44.55:004][  0]LogInit: Applying CVar settings loaded from the selected device profile: [Windows]
[2022.10.24-18.44.55:004][  0]LogHAL: Display: Platform has ~ 8 GB [8419024896 / 8589934592 / 8], which maps to Default [LargestMinGB=32, LargerMinGB=12, DefaultMinGB=8, SmallerMinGB=6, SmallestMinGB=0)
[2022.10.24-18.44.55:004][  0]LogInit: Going up to parent DeviceProfile []
[2022.10.24-18.44.55:004][  0]LogConfig: Applying CVar settings from Section [ViewDistanceQuality@3] File [C:/Users/Usuario/Desktop/BrickBreaker/Saved/Config/Windows/Scalability.ini]
[2022.10.24-18.44.55:004][  0]LogConfig: Setting CVar [[r.SkeletalMeshLODBias:0]]
[2022.10.24-18.44.55:004][  0]LogConfig: Setting CVar [[r.ViewDistanceScale:1.0]]
[2022.10.24-18.44.55:004][  0]LogConfig: Applying CVar settings from Section [AntiAliasingQuality@3] File [C:/Users/Usuario/Desktop/BrickBreaker/Saved/Config/Windows/Scalability.ini]
[2022.10.24-18.44.55:004][  0]LogConfig: Setting CVar [[r.PostProcessAAQuality:4]]
[2022.10.24-18.44.55:004][  0]LogConfig: Applying CVar settings from Section [ShadowQuality@3] File [C:/Users/Usuario/Desktop/BrickBreaker/Saved/Config/Windows/Scalability.ini]
[2022.10.24-18.44.55:004][  0]LogConfig: Setting CVar [[r.LightFunctionQuality:1]]
[2022.10.24-18.44.55:004][  0]LogConfig: Setting CVar [[r.ShadowQuality:5]]
[2022.10.24-18.44.55:004][  0]LogConfig: Setting CVar [[r.Shadow.CSM.MaxCascades:10]]
[2022.10.24-18.44.55:004][  0]LogConfig: Setting CVar [[r.Shadow.MaxResolution:2048]]
[2022.10.24-18.44.55:004][  0]LogConfig: Setting CVar [[r.Shadow.MaxCSMResolution:2048]]
[2022.10.24-18.44.55:004][  0]LogConfig: Setting CVar [[r.Shadow.RadiusThreshold:0.01]]
[2022.10.24-18.44.55:004][  0]LogConfig: Setting CVar [[r.Shadow.DistanceScale:1.0]]
[2022.10.24-18.44.55:004][  0]LogConfig: Setting CVar [[r.Shadow.CSM.TransitionScale:1.0]]
[2022.10.24-18.44.55:004][  0]LogConfig: Setting CVar [[r.Shadow.PreShadowResolutionFactor:1.0]]
[2022.10.24-18.44.55:004][  0]LogConfig: Setting CVar [[r.DistanceFieldShadowing:1]]
[2022.10.24-18.44.55:004][  0]LogConfig: Setting CVar [[r.DistanceFieldAO:1]]
[2022.10.24-18.44.55:004][  0]LogConfig: Setting CVar [[r.AOQuality:2]]
[2022.10.24-18.44.55:004][  0]LogConfig: Setting CVar [[r.VolumetricFog:1]]
[2022.10.24-18.44.55:004][  0]LogConfig: Setting CVar [[r.VolumetricFog.GridPixelSize:8]]
[2022.10.24-18.44.55:004][  0]LogConfig: Setting CVar [[r.VolumetricFog.GridSizeZ:128]]
[2022.10.24-18.44.55:004][  0]LogConfig: Setting CVar [[r.VolumetricFog.HistoryMissSupersampleCount:4]]
[2022.10.24-18.44.55:004][  0]LogConfig: Setting CVar [[r.LightMaxDrawDistanceScale:1]]
[2022.10.24-18.44.55:004][  0]LogConfig: Setting CVar [[r.CapsuleShadows:1]]
[2022.10.24-18.44.55:004][  0]LogConfig: Applying CVar settings from Section [PostProcessQuality@3] File [C:/Users/Usuario/Desktop/BrickBreaker/Saved/Config/Windows/Scalability.ini]
[2022.10.24-18.44.55:004][  0]LogConfig: Setting CVar [[r.MotionBlurQuality:4]]
[2022.10.24-18.44.55:004][  0]LogConfig: Setting CVar [[r.AmbientOcclusionMipLevelFactor:0.4]]
[2022.10.24-18.44.55:004][  0]LogConfig: Setting CVar [[r.AmbientOcclusionMaxQuality:100]]
[2022.10.24-18.44.55:004][  0]LogConfig: Setting CVar [[r.AmbientOcclusionLevels:-1]]
[2022.10.24-18.44.55:004][  0]LogConfig: Setting CVar [[r.AmbientOcclusionRadiusScale:1.0]]
[2022.10.24-18.44.55:004][  0]LogConfig: Setting CVar [[r.DepthOfFieldQuality:2]]
[2022.10.24-18.44.55:004][  0]LogConfig: Setting CVar [[r.RenderTargetPoolMin:400]]
[2022.10.24-18.44.55:004][  0]LogConfig: Setting CVar [[r.LensFlareQuality:2]]
[2022.10.24-18.44.55:004][  0]LogConfig: Setting CVar [[r.SceneColorFringeQuality:1]]
[2022.10.24-18.44.55:004][  0]LogConfig: Setting CVar [[r.EyeAdaptationQuality:2]]
[2022.10.24-18.44.55:004][  0]LogConfig: Setting CVar [[r.BloomQuality:5]]
[2022.10.24-18.44.55:004][  0]LogConfig: Setting CVar [[r.FastBlurThreshold:100]]
[2022.10.24-18.44.55:004][  0]LogConfig: Setting CVar [[r.Upscale.Quality:3]]
[2022.10.24-18.44.55:004][  0]LogConfig: Setting CVar [[r.Tonemapper.GrainQuantization:1]]
[2022.10.24-18.44.55:004][  0]LogConfig: Setting CVar [[r.LightShaftQuality:1]]
[2022.10.24-18.44.55:004][  0]LogConfig: Setting CVar [[r.Filter.SizeScale:1]]
[2022.10.24-18.44.55:004][  0]LogConfig: Setting CVar [[r.Tonemapper.Quality:5]]
[2022.10.24-18.44.55:004][  0]LogConfig: Setting CVar [[r.DOF.Gather.AccumulatorQuality:1        ; higher gathering accumulator quality]]
[2022.10.24-18.44.55:004][  0]LogConfig: Setting CVar [[r.DOF.Gather.PostfilterMethod:1          ; Median3x3 postfilering method]]
[2022.10.24-18.44.55:004][  0]LogConfig: Setting CVar [[r.DOF.Gather.EnableBokehSettings:0       ; no bokeh simulation when gathering]]
[2022.10.24-18.44.55:004][  0]LogConfig: Setting CVar [[r.DOF.Gather.RingCount:4                 ; medium number of samples when gathering]]
[2022.10.24-18.44.55:004][  0]LogConfig: Setting CVar [[r.DOF.Scatter.ForegroundCompositing:1    ; additive foreground scattering]]
[2022.10.24-18.44.55:004][  0]LogConfig: Setting CVar [[r.DOF.Scatter.BackgroundCompositing:2    ; additive background scattering]]
[2022.10.24-18.44.55:004][  0]LogConfig: Setting CVar [[r.DOF.Scatter.EnableBokehSettings:1      ; bokeh simulation when scattering]]
[2022.10.24-18.44.55:004][  0]LogConfig: Setting CVar [[r.DOF.Scatter.MaxSpriteRatio:0.1         ; only a maximum of 10% of scattered bokeh]]
[2022.10.24-18.44.55:004][  0]LogConfig: Setting CVar [[r.DOF.Recombine.Quality:1                ; cheap slight out of focus]]
[2022.10.24-18.44.55:004][  0]LogConfig: Setting CVar [[r.DOF.Recombine.EnableBokehSettings:0    ; no bokeh simulation on slight out of focus]]
[2022.10.24-18.44.55:004][  0]LogConfig: Setting CVar [[r.DOF.TemporalAAQuality:1                ; more stable temporal accumulation]]
[2022.10.24-18.44.55:004][  0]LogConfig: Setting CVar [[r.DOF.Kernel.MaxForegroundRadius:0.025]]
[2022.10.24-18.44.55:004][  0]LogConfig: Setting CVar [[r.DOF.Kernel.MaxBackgroundRadius:0.025]]
[2022.10.24-18.44.55:004][  0]LogConfig: Applying CVar settings from Section [TextureQuality@3] File [C:/Users/Usuario/Desktop/BrickBreaker/Saved/Config/Windows/Scalability.ini]
[2022.10.24-18.44.55:004][  0]LogConfig: Setting CVar [[r.Streaming.MipBias:0]]
[2022.10.24-18.44.55:004][  0]LogConfig: Setting CVar [[r.Streaming.AmortizeCPUToGPUCopy:0]]
[2022.10.24-18.44.55:004][  0]LogConfig: Setting CVar [[r.Streaming.MaxNumTexturesToStreamPerFrame:0]]
[2022.10.24-18.44.55:004][  0]LogConfig: Setting CVar [[r.Streaming.Boost:1]]
[2022.10.24-18.44.55:004][  0]LogConfig: Setting CVar [[r.MaxAnisotropy:8]]
[2022.10.24-18.44.55:004][  0]LogConfig: Setting CVar [[r.VT.MaxAnisotropy:8]]
[2022.10.24-18.44.55:004][  0]LogConfig: Setting CVar [[r.Streaming.LimitPoolSizeToVRAM:0]]
[2022.10.24-18.44.55:004][  0]LogConfig: Setting CVar [[r.Streaming.PoolSize:1000]]
[2022.10.24-18.44.55:004][  0]LogConfig: Setting CVar [[r.Streaming.MaxEffectiveScreenSize:0]]
[2022.10.24-18.44.55:004][  0]LogConfig: Applying CVar settings from Section [EffectsQuality@3] File [C:/Users/Usuario/Desktop/BrickBreaker/Saved/Config/Windows/Scalability.ini]
[2022.10.24-18.44.55:004][  0]LogConfig: Setting CVar [[r.TranslucencyLightingVolumeDim:64]]
[2022.10.24-18.44.55:004][  0]LogConfig: Setting CVar [[r.RefractionQuality:2]]
[2022.10.24-18.44.55:004][  0]LogConfig: Setting CVar [[r.SSR.Quality:3]]
[2022.10.24-18.44.55:004][  0]LogConfig: Setting CVar [[r.SSR.HalfResSceneColor:0]]
[2022.10.24-18.44.55:004][  0]LogConfig: Setting CVar [[r.SceneColorFormat:4]]
[2022.10.24-18.44.55:004][  0]LogConfig: Setting CVar [[r.DetailMode:2]]
[2022.10.24-18.44.55:004][  0]LogConfig: Setting CVar [[r.TranslucencyVolumeBlur:1]]
[2022.10.24-18.44.55:004][  0]LogConfig: Setting CVar [[r.MaterialQualityLevel:1 ; High quality]]
[2022.10.24-18.44.55:004][  0]LogConfig: Setting CVar [[r.AnisotropicMaterials:1]]
[2022.10.24-18.44.55:004][  0]LogConfig: Setting CVar [[r.SSS.Scale:1]]
[2022.10.24-18.44.55:004][  0]LogConfig: Setting CVar [[r.SSS.SampleSet:2]]
[2022.10.24-18.44.55:004][  0]LogConfig: Setting CVar [[r.SSS.Quality:1]]
[2022.10.24-18.44.55:004][  0]LogConfig: Setting CVar [[r.SSS.HalfRes:0]]
[2022.10.24-18.44.55:004][  0]LogConfig: Setting CVar [[r.SSGI.Quality:3]]
[2022.10.24-18.44.55:004][  0]LogConfig: Setting CVar [[r.EmitterSpawnRateScale:1.0]]
[2022.10.24-18.44.55:004][  0]LogConfig: Setting CVar [[r.ParticleLightQuality:2]]
[2022.10.24-18.44.55:004][  0]LogConfig: Setting CVar [[r.SkyAtmosphere.AerialPerspectiveLUT.FastApplyOnOpaque:1 ; Always have FastSkyLUT 1 in this case to avoid wrong sky]]
[2022.10.24-18.44.55:004][  0]LogConfig: Setting CVar [[r.SkyAtmosphere.AerialPerspectiveLUT.SampleCountMaxPerSlice:4]]
[2022.10.24-18.44.55:004][  0]LogConfig: Setting CVar [[r.SkyAtmosphere.AerialPerspectiveLUT.DepthResolution:16.0]]
[2022.10.24-18.44.55:004][  0]LogConfig: Setting CVar [[r.SkyAtmosphere.FastSkyLUT:1]]
[2022.10.24-18.44.55:004][  0]LogConfig: Setting CVar [[r.SkyAtmosphere.FastSkyLUT.SampleCountMin:4.0]]
[2022.10.24-18.44.55:004][  0]LogConfig: Setting CVar [[r.SkyAtmosphere.FastSkyLUT.SampleCountMax:128.0]]
[2022.10.24-18.44.55:004][  0]LogConfig: Setting CVar [[r.SkyAtmosphere.SampleCountMin:4.0]]
[2022.10.24-18.44.55:004][  0]LogConfig: Setting CVar [[r.SkyAtmosphere.SampleCountMax:128.0]]
[2022.10.24-18.44.55:004][  0]LogConfig: Setting CVar [[r.SkyAtmosphere.TransmittanceLUT.UseSmallFormat:0]]
[2022.10.24-18.44.55:004][  0]LogConfig: Setting CVar [[r.SkyAtmosphere.TransmittanceLUT.SampleCount:10.0]]
[2022.10.24-18.44.55:004][  0]LogConfig: Setting CVar [[r.SkyAtmosphere.MultiScatteringLUT.SampleCount:15.0]]
[2022.10.24-18.44.55:004][  0]LogConfig: Setting CVar [[r.SkyLight.RealTimeReflectionCapture:1]]
[2022.10.24-18.44.55:004][  0]LogConfig: Applying CVar settings from Section [FoliageQuality@3] File [C:/Users/Usuario/Desktop/BrickBreaker/Saved/Config/Windows/Scalability.ini]
[2022.10.24-18.44.55:004][  0]LogConfig: Setting CVar [[foliage.DensityScale:1.0]]
[2022.10.24-18.44.55:004][  0]LogConfig: Setting CVar [[grass.DensityScale:1.0]]
[2022.10.24-18.44.55:004][  0]LogConfig: Applying CVar settings from Section [ShadingQuality@3] File [C:/Users/Usuario/Desktop/BrickBreaker/Saved/Config/Windows/Scalability.ini]
[2022.10.24-18.44.55:004][  0]LogConfig: Setting CVar [[r.HairStrands.SkyLighting.IntegrationType:2]]
[2022.10.24-18.44.55:004][  0]LogConfig: Setting CVar [[r.HairStrands.SkyAO.SampleCount:4]]
[2022.10.24-18.44.55:004][  0]LogConfig: Setting CVar [[r.HairStrands.Visibility.MSAA.SamplePerPixel:4]]
[2022.10.24-18.44.55:004][  0]LogConfig: Applying CVar settings from Section [Startup] File [../../../Engine/Config/ConsoleVariables.ini]
[2022.10.24-18.44.55:006][  0]LogConfig: Setting CVar [[net.UseAdaptiveNetUpdateFrequency:0]]
[2022.10.24-18.44.55:006][  0]LogConfig: Setting CVar [[p.chaos.AllowCreatePhysxBodies:1]]
[2022.10.24-18.44.55:006][  0]LogConfig: Setting CVar [[fx.SkipVectorVMBackendOptimizations:1]]
[2022.10.24-18.44.55:006][  0]LogConfig: Applying CVar settings from Section [ConsoleVariables] File [C:/Users/Usuario/Desktop/BrickBreaker/Saved/Config/Windows/Engine.ini]
[2022.10.24-18.44.55:006][  0]LogConfig: Applying CVar settings from Section [ConsoleVariables] File [C:/Users/Usuario/Desktop/BrickBreaker/Saved/Config/Windows/Editor.ini]
[2022.10.24-18.44.55:006][  0]LogInit: Computer: LAPTOP-ADK72C9F
[2022.10.24-18.44.55:006][  0]LogInit: User: Usuario
[2022.10.24-18.44.55:006][  0]LogInit: CPU Page size=4096, Cores=4
[2022.10.24-18.44.55:006][  0]LogInit: High frequency timer resolution =10.000000 MHz
[2022.10.24-18.44.55:006][  0]LogMemory: Memory total: Physical=7.8GB (8GB approx)
[2022.10.24-18.44.55:006][  0]LogMemory: Platform Memory Stats for Windows
[2022.10.24-18.44.55:006][  0]LogMemory: Process Physical Memory: 142.49 MB used, 142.49 MB peak
[2022.10.24-18.44.55:006][  0]LogMemory: Process Virtual Memory: 112.56 MB used, 112.56 MB peak
[2022.10.24-18.44.55:006][  0]LogMemory: Physical Memory: 6576.45 MB used,  1452.55 MB free, 8029.01 MB total
[2022.10.24-18.44.55:006][  0]LogMemory: Virtual Memory: 134213376.00 MB used,  4354.96 MB free, 134217728.00 MB total
[2022.10.24-18.44.55:010][  0]LogWindows: WindowsPlatformFeatures enabled
[2022.10.24-18.44.55:075][  0]LogInit: Physics initialised using underlying interface: PhysX
[2022.10.24-18.44.55:076][  0]LogInit: Using OS detected language (es-ES).
[2022.10.24-18.44.55:076][  0]LogInit: Using OS detected locale (es-BO).
[2022.10.24-18.44.55:091][  0]LogTextLocalizationManager: No specific localization for 'es-ES' exists, so the 'es' localization will be used.
[2022.10.24-18.44.55:172][  0]LogInit: Setting process to per monitor DPI aware
[2022.10.24-18.44.55:182][  0]LogWindowsTextInputMethodSystem: Display: IME system deactivated.
[2022.10.24-18.44.55:224][  0]LogSlate: New Slate User Created.  User Index 0, Is Virtual User: 0
[2022.10.24-18.44.55:224][  0]LogSlate: Slate User Registered.  User Index 0, Is Virtual User: 0
[2022.10.24-18.44.57:803][  0]LogD3D11RHI: Loaded GFSDK_Aftermath_Lib.x64.dll
[2022.10.24-18.44.57:848][  0]LogHMD: Failed to initialize OpenVR with code 110
[2022.10.24-18.44.57:848][  0]LogD3D11RHI: D3D11 min allowed feature level: 11_0
[2022.10.24-18.44.57:848][  0]LogD3D11RHI: D3D11 max allowed feature level: 11_0
[2022.10.24-18.44.57:848][  0]LogD3D11RHI: D3D11 adapters:
[2022.10.24-18.44.58:053][  0]LogD3D11RHI:    0. 'NVIDIA GeForce GTX 1650' (Feature Level 11_0)
[2022.10.24-18.44.58:053][  0]LogD3D11RHI:       3962/0/4014 MB DedicatedVideo/DedicatedSystem/SharedSystem, Outputs:1, VendorId:0x10de
[2022.10.24-18.44.58:081][  0]LogD3D11RHI:    1. 'Intel(R) UHD Graphics' (Feature Level 11_0)
[2022.10.24-18.44.58:081][  0]LogD3D11RHI:       128/0/4014 MB DedicatedVideo/DedicatedSystem/SharedSystem, Outputs:0, VendorId:0x8086
[2022.10.24-18.44.58:091][  0]LogD3D11RHI:    2. 'Microsoft Basic Render Driver' (Feature Level 11_0)
[2022.10.24-18.44.58:091][  0]LogD3D11RHI:       0/0/4014 MB DedicatedVideo/DedicatedSystem/SharedSystem, Outputs:0, VendorId:0x1414
[2022.10.24-18.44.58:091][  0]LogD3D11RHI: Chosen D3D11 Adapter:
[2022.10.24-18.44.58:091][  0]LogD3D11RHI:     Description : NVIDIA GeForce GTX 1650
[2022.10.24-18.44.58:091][  0]LogD3D11RHI:     VendorId    : 10de
[2022.10.24-18.44.58:091][  0]LogD3D11RHI:     DeviceId    : 1f99
[2022.10.24-18.44.58:091][  0]LogD3D11RHI:     SubSysId    : 177f1043
[2022.10.24-18.44.58:091][  0]LogD3D11RHI:     Revision    : 00a1
[2022.10.24-18.44.58:091][  0]LogD3D11RHI:     DedicatedVideoMemory : 4154458112 bytes
[2022.10.24-18.44.58:091][  0]LogD3D11RHI:     DedicatedSystemMemory : 0 bytes
[2022.10.24-18.44.58:091][  0]LogD3D11RHI:     SharedSystemMemory : 4209512448 bytes
[2022.10.24-18.44.58:091][  0]LogD3D11RHI:     AdapterLuid : 0 64064
[2022.10.24-18.44.58:097][  0]LogD3D11RHI: Creating new Direct3DDevice
[2022.10.24-18.44.58:097][  0]LogD3D11RHI:     GPU DeviceId: 0x1f99 (for the marketing name, search the web for "GPU Device Id")
[2022.10.24-18.44.58:097][  0]LogWindows: EnumDisplayDevices:
[2022.10.24-18.44.58:098][  0]LogWindows:    0. 'Intel(R) UHD Graphics' (P:1 D:1)
[2022.10.24-18.44.58:098][  0]LogWindows:    1. 'Intel(R) UHD Graphics' (P:0 D:0)
[2022.10.24-18.44.58:098][  0]LogWindows:    2. 'Intel(R) UHD Graphics' (P:0 D:0)
[2022.10.24-18.44.58:098][  0]LogWindows:    3. 'NVIDIA GeForce GTX 1650' (P:0 D:0)
[2022.10.24-18.44.58:098][  0]LogWindows:    4. 'NVIDIA GeForce GTX 1650' (P:0 D:0)
[2022.10.24-18.44.58:098][  0]LogWindows:    5. 'NVIDIA GeForce GTX 1650' (P:0 D:0)
[2022.10.24-18.44.58:099][  0]LogWindows:    6. 'NVIDIA GeForce GTX 1650' (P:0 D:0)
[2022.10.24-18.44.58:099][  0]LogWindows: DebugString: PrimaryIsNotTheChoosenAdapter PrimaryIsNotTheChoosenAdapter PrimaryIsNotTheChoosenAdapter FoundDriverCount:4 
[2022.10.24-18.44.58:099][  0]LogD3D11RHI:     Adapter Name: NVIDIA GeForce GTX 1650
[2022.10.24-18.44.58:099][  0]LogD3D11RHI:   Driver Version: 512.78 (internal:30.0.15.1278, unified:512.78)
[2022.10.24-18.44.58:099][  0]LogD3D11RHI:      Driver Date: 5-5-2022
[2022.10.24-18.44.58:099][  0]LogRHI: Texture pool is 2773 MB (70% of 3962 MB)
[2022.10.24-18.44.58:099][  0]LogD3D11RHI: Creating D3DDevice using adapter:
[2022.10.24-18.44.58:099][  0]LogD3D11RHI:     Description : NVIDIA GeForce GTX 1650
[2022.10.24-18.44.58:099][  0]LogD3D11RHI:     VendorId    : 10de
[2022.10.24-18.44.58:099][  0]LogD3D11RHI:     DeviceId    : 1f99
[2022.10.24-18.44.58:099][  0]LogD3D11RHI:     SubSysId    : 177f1043
[2022.10.24-18.44.58:099][  0]LogD3D11RHI:     Revision    : 00a1
[2022.10.24-18.44.58:099][  0]LogD3D11RHI:     DedicatedVideoMemory : 4154458112 bytes
[2022.10.24-18.44.58:099][  0]LogD3D11RHI:     DedicatedSystemMemory : 0 bytes
[2022.10.24-18.44.58:099][  0]LogD3D11RHI:     SharedSystemMemory : 4209512448 bytes
[2022.10.24-18.44.58:099][  0]LogD3D11RHI:     AdapterLuid : 0 64064
[2022.10.24-18.44.58:159][  0]LogD3D11RHI: RHI has support for 64 bit atomics
[2022.10.24-18.44.58:160][  0]LogD3D11RHI: Async texture creation enabled
[2022.10.24-18.44.58:160][  0]LogD3D11RHI: Array index from any shader is supported
[2022.10.24-18.44.58:202][  0]LogD3D11RHI: GPU Timing Frequency: 1000.000000 (Debug: 2 1)
[2022.10.24-18.44.58:237][  0]LogRHI: GeForceNow SDK initialized: 1
[2022.10.24-18.44.58:484][  0]LogTargetPlatformManager: Display: Loaded TargetPlatform 'AllDesktop'
[2022.10.24-18.44.58:505][  0]LogTargetPlatformManager: Display: Loaded TargetPlatform 'Android'
[2022.10.24-18.44.58:505][  0]LogTargetPlatformManager: Display: Loaded TargetPlatform 'Android_ASTC'
[2022.10.24-18.44.58:505][  0]LogTargetPlatformManager: Display: Loaded TargetPlatform 'Android_DXT'
[2022.10.24-18.44.58:505][  0]LogTargetPlatformManager: Display: Loaded TargetPlatform 'Android_ETC2'
[2022.10.24-18.44.58:505][  0]LogTargetPlatformManager: Display: Loaded TargetPlatform 'AndroidClient'
[2022.10.24-18.44.58:505][  0]LogTargetPlatformManager: Display: Loaded TargetPlatform 'Android_ASTCClient'
[2022.10.24-18.44.58:505][  0]LogTargetPlatformManager: Display: Loaded TargetPlatform 'Android_DXTClient'
[2022.10.24-18.44.58:505][  0]LogTargetPlatformManager: Display: Loaded TargetPlatform 'Android_ETC2Client'
[2022.10.24-18.44.58:505][  0]LogTargetPlatformManager: Display: Loaded TargetPlatform 'Android_Multi'
[2022.10.24-18.44.58:505][  0]LogTargetPlatformManager: Display: Loaded TargetPlatform 'Android_MultiClient'
[2022.10.24-18.44.58:524][  0]LogTargetPlatformManager: Display: Loaded TargetPlatform 'IOSClient'
[2022.10.24-18.44.58:524][  0]LogTargetPlatformManager: Display: Loaded TargetPlatform 'IOS'
[2022.10.24-18.44.58:536][  0]LogTargetPlatformManager: Display: Loaded TargetPlatform 'Linux'
[2022.10.24-18.44.58:541][  0]LogTargetPlatformManager: Display: Loaded TargetPlatform 'LinuxNoEditor'
[2022.10.24-18.44.58:546][  0]LogTargetPlatformManager: Display: Loaded TargetPlatform 'LinuxClient'
[2022.10.24-18.44.58:550][  0]LogTargetPlatformManager: Display: Loaded TargetPlatform 'LinuxServer'
[2022.10.24-18.44.58:560][  0]LogTargetPlatformManager: Display: Loaded TargetPlatform 'LinuxAArch64NoEditor'
[2022.10.24-18.44.58:565][  0]LogTargetPlatformManager: Display: Loaded TargetPlatform 'LinuxAArch64Client'
[2022.10.24-18.44.58:569][  0]LogTargetPlatformManager: Display: Loaded TargetPlatform 'LinuxAArch64Server'
[2022.10.24-18.44.58:602][  0]LogTargetPlatformManager: Display: Loaded TargetPlatform 'Lumin'
[2022.10.24-18.44.58:602][  0]LogTargetPlatformManager: Display: Loaded TargetPlatform 'LuminClient'
[2022.10.24-18.44.58:617][  0]LogTargetPlatformManager: Display: Loaded TargetPlatform 'MacNoEditor'
[2022.10.24-18.44.58:623][  0]LogTargetPlatformManager: Display: Loaded TargetPlatform 'Mac'
[2022.10.24-18.44.58:629][  0]LogTargetPlatformManager: Display: Loaded TargetPlatform 'MacClient'
[2022.10.24-18.44.58:634][  0]LogTargetPlatformManager: Display: Loaded TargetPlatform 'MacServer'
[2022.10.24-18.44.58:646][  0]LogTargetPlatformManager: Display: Loaded TargetPlatform 'TVOSClient'
[2022.10.24-18.44.58:646][  0]LogTargetPlatformManager: Display: Loaded TargetPlatform 'TVOS'
[2022.10.24-18.44.58:658][  0]LogTargetPlatformManager: Display: Loaded TargetPlatform 'WindowsNoEditor'
[2022.10.24-18.44.58:664][  0]LogTargetPlatformManager: Display: Loaded TargetPlatform 'Windows'
[2022.10.24-18.44.58:670][  0]LogTargetPlatformManager: Display: Loaded TargetPlatform 'WindowsClient'
[2022.10.24-18.44.58:675][  0]LogTargetPlatformManager: Display: Loaded TargetPlatform 'WindowsServer'
[2022.10.24-18.44.58:675][  0]LogTargetPlatformManager: Display: Building Assets For Windows
[2022.10.24-18.44.58:684][  0]LogAudioDebug: Display: Lib vorbis DLL was dynamically loaded.
[2022.10.24-18.44.58:730][  0]LogTextureFormatOodle: Display: Oodle Texture 2.9.0 init RDO Off
[2022.10.24-18.44.58:813][  0]LogRendererCore: Ray tracing is disabled. Reason: r.RayTracing=0.
[2022.10.24-18.44.58:815][  0]LogShaderCompilers: Guid format shader working directory is -4 characters bigger than the processId version (../../../../../../Users/Usuario/Desktop/BrickBreaker/Intermediate/Shaders/WorkingDirectory/5924/).
[2022.10.24-18.44.58:815][  0]LogShaderCompilers: Cleaned the shader compiler working directory 'C:/Users/Usuario/AppData/Local/Temp/UnrealShaderWorkingDir/D6D1BDBC4DFE14CCA627C69C19B54A6C/'.
[2022.10.24-18.44.58:816][  0]LogXGEController: Cannot use XGE Controller as Incredibuild is not installed on this machine.
[2022.10.24-18.44.58:816][  0]LogShaderCompilers: Cannot use XGE Shader Compiler as Incredibuild is not installed on this machine.
[2022.10.24-18.44.58:816][  0]LogShaderCompilers: Display: Using Local Shader Compiler.
[2022.10.24-18.45.01:881][  0]LogDerivedDataCache: Display: Max Cache Size: 512 MB
[2022.10.24-18.45.02:022][  0]LogDerivedDataCache: Loaded boot cache 0.14s 94MB C:/Users/Usuario/AppData/Local/UnrealEngine/4.27/DerivedDataCache/Boot.ddc.
[2022.10.24-18.45.02:022][  0]LogDerivedDataCache: Display: Loaded Boot cache: C:/Users/Usuario/AppData/Local/UnrealEngine/4.27/DerivedDataCache/Boot.ddc
[2022.10.24-18.45.02:022][  0]LogDerivedDataCache: FDerivedDataBackendGraph:  Pak pak cache file ../../../../../../Users/Usuario/Desktop/BrickBreaker/DerivedDataCache/DDC.ddp not found, will not use a pak cache.
[2022.10.24-18.45.02:022][  0]LogDerivedDataCache: Unable to find inner node Pak for hierarchical cache Hierarchy.
[2022.10.24-18.45.02:023][  0]LogDerivedDataCache: FDerivedDataBackendGraph:  CompressedPak pak cache file ../../../../../../Users/Usuario/Desktop/BrickBreaker/DerivedDataCache/Compressed.ddp not found, will not use a pak cache.
[2022.10.24-18.45.02:023][  0]LogDerivedDataCache: Unable to find inner node CompressedPak for hierarchical cache Hierarchy.
[2022.10.24-18.45.02:040][  0]LogDerivedDataCache: Display: Pak cache opened for reading ../../../Engine/DerivedDataCache/Compressed.ddp.
[2022.10.24-18.45.02:040][  0]LogDerivedDataCache: FDerivedDataBackendGraph:  EnterprisePak pak cache file ../../../Enterprise/DerivedDataCache/Compressed.ddp not found, will not use a pak cache.
[2022.10.24-18.45.02:040][  0]LogDerivedDataCache: Unable to find inner node EnterprisePak for hierarchical cache Hierarchy.
[2022.10.24-18.45.02:054][  0]LogDerivedDataCache: Speed tests for C:/Users/Usuario/AppData/Local/UnrealEngine/Common/DerivedDataCache took 0.01 seconds
[2022.10.24-18.45.02:054][  0]LogDerivedDataCache: Display: Performance to C:/Users/Usuario/AppData/Local/UnrealEngine/Common/DerivedDataCache: Latency=0.13ms. RandomReadSpeed=146.34MBs, RandomWriteSpeed=172.83MBs. Assigned SpeedClass 'Local'
[2022.10.24-18.45.02:055][  0]LogDerivedDataCache: Using Local data cache path C:/Users/Usuario/AppData/Local/UnrealEngine/Common/DerivedDataCache: Writable
[2022.10.24-18.45.02:055][  0]LogDerivedDataCache: Shared data cache path not found in *engine.ini, will not use an Shared cache.
[2022.10.24-18.45.02:055][  0]LogDerivedDataCache: Unable to find inner node Shared for hierarchical cache Hierarchy.
[2022.10.24-18.45.02:104][  0]LogSlate: Using FreeType 2.10.0
[2022.10.24-18.45.02:105][  0]LogSlate: SlateFontServices - WITH_FREETYPE: 1, WITH_HARFBUZZ: 1
[2022.10.24-18.45.02:145][  0]LogAssetRegistry: FAssetRegistry took 0.0040 seconds to start up
[2022.10.24-18.45.02:568][  0]LogInit: Selected Device Profile: [Windows]
[2022.10.24-18.45.02:568][  0]LogInit: Active device profile: [0000024027B60900][000002400BC89900 49] Windows
[2022.10.24-18.45.02:568][  0]LogInit: Profiles: [0000024027B60900][000002400BC89900 49] Windows, [0000024027B17800][000002401ADB7A80 49] WindowsNoEditor, [0000024027B63500][000002401ADBBC00 49] WindowsServer, [0000024027B14E00][000002401ADBE200 49] WindowsClient, [0000024027B63800][000002401ADC2380 49] IOS, [0000024027B16800][000002401B318500 49] iPadAir, [0000024027B62000][000002401B31C680 49] iPadAir2, [0000024027AC4A00][000002401B3208C0 49] IPadPro, [0000024027AC4B00][000002401ADB2900 49] iPadAir3, [0000024027B15900][000002401B324A40 49] iPadAir4, [0000024027AC7400][000002401B328B80 49] iPadMini2, [0000024027B16A00][000002401B73ED00 49] iPadMini3, [0000024027AC5700][000002401B742E80 49] iPadMini4, [0000024027B61100][000002401B747000 49] iPadMini5, [0000024027AE4300][000002401B74F2C0 49] iPhone6, [0000024027AE4400][000002401B74B300 49] iPodTouch6, [0000024027AAFF00][000002401B7575C0 49] iPhone7, [0000024027AAFE00][000002401B753600 49] iPodTouch7, [0000024027B16000][000002401B75B780 49] iPhone5S, [0000024027AADA00][000002401B75F900 49] iPhone6Plus, [0000024027AE4200][000002401B763A80 49] iPhone6S, [0000024027AAC600][000002401B767C00 49] iPhone6SPlus, [0000024027AE6900][000002401B76A200 49] iPhone7Plus, [0000024027AAF100][000002401B76E380 49] iPhoneSE, [0000024027AE6200][00000240260D2500 49] iPhone8, [0000024027AAFB00][00000240260D6680 49] iPhone8Plus, [0000024027AE4A00][00000240260DA800 49] iPhoneX, [0000024027AAD400][000002401B73A940 49] iPhoneXS, [0000024027AE7900][00000240260DEA80 49] iPhoneXSMax, [0000024027AAC900][00000240260E2BC0 49] iPhoneXR, [0000024027AE6F00][00000240260E6D00 49] iPhone11, [0000024027AAD300][00000240260EEE80 49] iPhone11Pro, [0000024027AE5000][00000240260F3000 49] iPhone11ProMax, [0000024027AAEA00][00000240260F7180 49] iPhoneSE2, [0000024027AE5400][00000240260FB300 49] iPhone12Mini, [0000024027AAE400][00000240260FF480 49] iPhone12, [0000024027AE4D00][0000024026103600 49] iPhone12Pro, [0000024027AAEB00][0000024026107780 49] iPhone12ProMax, [0000024027AE7000][000002402610B900 49] iPadPro105, [0000024027AAC700][000002401AD01A80 49] iPadPro129, [0000024027AE6800][000002401AD05C00 49] iPadPro97, [0000024027AAE600][000002401AD08200 49] iPadPro2_129, [0000024027AE7C00][000002401AD0C380 49] iPad5, [0000024027AAE200][000002401AD10500 49] iPad6, [0000024027AE4F00][000002401AD14680 49] iPad7, [0000024027AAED00][000002401AD18800 49] iPad8, [0000024027AE5100][000002401AD1C980 49] iPadPro11, [0000024027AAD600][000002401AD20B00 49] iPadPro2_11, [0000024027AE7400][00000240260EAC40 49] iPadPro3_129, [0000024027AAE800][000002401AD24D80 49] iPadPro4_129, [0000024027AE7A00][000002401AD28EC0 49] AppleTV, [0000024027AAE100][000002401AD31040 49] AppleTV4K, [0000024027AE5F00][000002401AD351C0 49] TVOS, [0000024027AAF400][000002401AD39340 49] Mac, [0000024027AE7800][000002401AD3D4C0 49] MacClient, [0000024027AADE00][000002401AD41640 49] MacNoEditor, [0000024027AE7F00][000002401AD457C0 49] MacServer, [0000024027AAF500][000002401AD49940 49] Linux, [0000024027AE4C00][000002401AD4DAC0 49] LinuxAArch64, [0000024027AAEF00][000002401809E0C0 49] LinuxNoEditor, [0000024027AE4B00][00000240180A2240 49] LinuxAArch64NoEditor, [0000024027AAF700][00000240180A63C0 49] LinuxClient, [0000024027AE5A00][00000240180AA540 49] LinuxAArch64Client, [0000024027AAD000][00000240180AE6C0 49] LinuxServer, [0000024027AE6500][00000240180B2840 49] LinuxAArch64Server, [0000024027AAD900][00000240180B69C0 49] Android, [0000024027AE5300][00000240180BAB40 49] Android_Low, [0000024027AAE700][00000240180BECC0 49] Android_Mid, [0000024027AE6B00][000002401AD2CE00 49] Android_High, [0000024027AAF800][00000240180C2F40 49] Android_Default, [0000024027AE5600][00000240180C7080 49] Android_Adreno4xx, [0000024027AAD500][00000240281211C0 49] Android_Adreno5xx_Low, [0000024027AC7600][0000024028129340 49] Android_Adreno5xx, [0000024027B15800][000002402812D4C0 49] Android_Adreno6xx, [0000024027AC5200][0000024028131640 49] Android_Adreno6xx_Vulkan, [0000024027B17C00][00000240281357C0 49] Android_Mali_T6xx, [0000024027AC5100][0000024028139940 49] Android_Mali_T7xx, [0000024027B15600][000002402813DAC0 49] Android_Mali_T8xx, [0000024027AC5E00][00000240281400C0 49] Android_Mali_G71, [0000024027B14500][0000024028144240 49] Android_Mali_G72, [0000024027AC4800][00000240281483C0 49] Android_Mali_G72_Vulkan, [0000024027B15300][000002402814C540 49] Android_Mali_G76, [0000024027AC4100][00000240281506C0 49] Android_Mali_G76_Vulkan, [0000024027B15F00][0000024028154840 49] Android_Mali_G77, [0000024027AC5000][00000240281589C0 49] Android_Mali_G77_Vulkan, [0000024027B14A00][000002402815CB40 49] Android_Mali_G78, [0000024027AC6C00][0000024028160CC0 49] Android_Mali_G78_Vulkan, [0000024027B17600][0000024028164E40 49] Android_Mali_G710, [0000024027AC6A00][0000024028124F80 49] Android_Mali_G710_Vulkan, [0000024027B17F00][00000240281690C0 49] Android_Vulkan_SM5, [0000024027AC7B00][000002402816D200 49] Android_PowerVR_G6xxx, [0000024027B17B00][0000024028171340 49] Android_PowerVR_GT7xxx, [0000024027AC7900][00000240281794C0 49] Android_PowerVR_GE8xxx, [0000024027B14C00][000002402817D640 49] Android_PowerVR_GM9xxx, [0000024027AC6700][00000240281817C0 49] Android_PowerVR_GM9xxx_Vulkan, [0000024027B16700][0000024028185940 49] Android_TegraK1, [0000024027AC4900][0000024028189AC0 49] Android_Unknown_Vulkan, [0000024027B15D00][000002402818C0C0 49] Lumin, [0000024027AC4500][0000024028190240 49] Lumin_Desktop, [0000024027B17300][00000240281943C0 49] HoloLens, 
[2022.10.24-18.45.02:764][  0]LogMeshReduction: Using QuadricMeshReduction for automatic static mesh reduction
[2022.10.24-18.45.02:764][  0]LogMeshReduction: Using SimplygonMeshReduction for automatic skeletal mesh reduction
[2022.10.24-18.45.02:764][  0]LogMeshReduction: Using ProxyLODMeshReduction for automatic mesh merging
[2022.10.24-18.45.02:764][  0]LogMeshReduction: No distributed automatic mesh merging module available
[2022.10.24-18.45.02:765][  0]LogMeshMerging: No distributed automatic mesh merging module available
[2022.10.24-18.45.02:827][  0]LogNetVersion: BrickBreaker 1.0.0, NetCL: 17155196, EngineNetVer: 17, GameNetVer: 0 (Checksum: 3249481245)
[2022.10.24-18.45.03:661][  0]LogTexture: Default maximum texture size for cubemaps generated from long-lat sources has been changed from 512 to unlimited. In order to preserve old behaiour for '/Engine/MapTemplates/Sky/DaylightAmbientCubemap.DaylightAmbientCubemap', its maximum texture size has been explicitly set to 512.
[2022.10.24-18.45.03:781][  0]LogHMD: PokeAHoleMaterial loaded successfully
[2022.10.24-18.45.03:792][  0]LogUObjectArray: 17178 objects as part of root set at end of initial load.
[2022.10.24-18.45.03:792][  0]LogUObjectAllocator: 4302048 out of 0 bytes used by permanent object pool.
[2022.10.24-18.45.03:792][  0]LogUObjectArray: CloseDisregardForGC: 0/0 objects in disregard for GC pool
[2022.10.24-18.45.04:351][  0]LogNiagaraDebuggerClient: Niagara Debugger Client Initialized | Session: 36353EFB4F34729B66B1E3B54F7FD5EE | Instance: AB18A1C4476B7D884C30A28E0485BABE (LAPTOP-ADK72C9F-5924).
[2022.10.24-18.45.04:457][  0]LogPython: Using Python 3.7.7
[2022.10.24-18.45.05:217][  0]LogTcpMessaging: Initializing TcpMessaging bridge
[2022.10.24-18.45.05:219][  0]LogUdpMessaging: Initializing bridge on interface 0.0.0.0:0 to multicast group 230.0.0.1:6666.
[2022.10.24-18.45.05:272][  0]LogModuleManager: Warning: ModuleManager: Unable to load module 'BrickBreaker' because the file 'C:/Users/Usuario/Desktop/BrickBreaker/Binaries/Win64/UE4Editor-BrickBreaker-0069.dll' was not found.
[2022.10.24-18.45.12:624][  0]Message dialog closed, result: Ok, title: Mensaje, text: El módulo del juego “BrickBreaker”no pudo encontrarse. Por favor, asegúrese de que existe este módulo y que sea compilado.
[2022.10.24-18.45.12:625][  0]LogCore: Engine exit requested (reason: EngineExit() was called)
[2022.10.24-18.45.12:638][  0]LogSlate: Slate User Destroyed.  User Index 0, Is Virtual User: 0
[2022.10.24-18.45.12:639][  0]LogExit: Preparing to exit.
[2022.10.24-18.45.13:270][  0]LogUObjectHash: Compacting FUObjectHashTables data took   1.25ms
[2022.10.24-18.45.13:452][  0]LogDemo: Cleaned up 0 splitscreen connections with owner deletion
[2022.10.24-18.45.13:736][  0]LogDirectoryWatcher: Display: A directory notification failed, and we were unable to create a new request. GetLastError code [6] Handle [FFFFFFFFFFFFFFFF], Path [../../../Engine/Content/] 
[2022.10.24-18.45.13:967][  0]LogExit: Object subsystem successfully closed.
[2022.10.24-18.45.13:975][  0]LogShaderCompilers: Display: === FShaderJobCache stats ===
[2022.10.24-18.45.13:976][  0]LogShaderCompilers: Display: Total job queries 0, among them cache hits 0 (0.00%)
[2022.10.24-18.45.13:976][  0]LogShaderCompilers: Display: Tracking 0 distinct input hashes that result in 0 distinct outputs (0.00%)
[2022.10.24-18.45.13:976][  0]LogShaderCompilers: Display: RAM used: 0.00 MB (0.00 GB) of 409.60 MB (0.40 GB) budget. Usage: 0.00%
[2022.10.24-18.45.13:976][  0]LogShaderCompilers: Display: ================================================
[2022.10.24-18.45.14:004][  0]LogShaderCompilers: Display: Shaders left to compile 0
[2022.10.24-18.45.14:057][  0]LogModuleManager: Shutting down and abandoning module GameplayCameras (410)
[2022.10.24-18.45.14:058][  0]LogModuleManager: Shutting down and abandoning module SoundFields (408)
[2022.10.24-18.45.14:058][  0]LogModuleManager: Shutting down and abandoning module SignificanceManager (406)
[2022.10.24-18.45.14:058][  0]LogModuleManager: Shutting down and abandoning module RuntimePhysXCooking (404)
[2022.10.24-18.45.14:058][  0]LogModuleManager: Shutting down and abandoning module PropertyAccessEditor (402)
[2022.10.24-18.45.14:059][  0]LogModuleManager: Shutting down and abandoning module PhysXVehiclesEditor (400)
[2022.10.24-18.45.14:059][  0]LogModuleManager: Shutting down and abandoning module LocationServicesBPLibrary (396)
[2022.10.24-18.45.14:059][  0]LogModuleManager: Shutting down and abandoning module AudioSynesthesia (394)
[2022.10.24-18.45.14:059][  0]LogModuleManager: Shutting down and abandoning module AudioSynesthesiaCore (392)
[2022.10.24-18.45.14:059][  0]LogModuleManager: Shutting down and abandoning module ActorSequence (390)
[2022.10.24-18.45.14:059][  0]LogModuleManager: Shutting down and abandoning module UdpMessaging (388)
[2022.10.24-18.45.14:160][  0]LogModuleManager: Shutting down and abandoning module TcpMessaging (386)
[2022.10.24-18.45.14:265][  0]LogModuleManager: Shutting down and abandoning module ImgMediaEngine (384)
[2022.10.24-18.45.14:265][  0]LogModuleManager: Shutting down and abandoning module MagicLeapARPin (382)
[2022.10.24-18.45.14:265][  0]LogModuleManager: Shutting down and abandoning module MagicLeapHandMeshing (380)
[2022.10.24-18.45.14:265][  0]LogModuleManager: Shutting down and abandoning module MagicLeapSecureStorage (378)
[2022.10.24-18.45.14:265][  0]LogModuleManager: Shutting down and abandoning module MagicLeapPrivileges (376)
[2022.10.24-18.45.14:266][  0]LogModuleManager: Shutting down and abandoning module MagicLeapPlanes (374)
[2022.10.24-18.45.14:266][  0]LogMagicLeapPlanes: Planes tracker already destroyed.
[2022.10.24-18.45.14:266][  0]LogModuleManager: Shutting down and abandoning module MagicLeapImageTracker (372)
[2022.10.24-18.45.14:266][  0]LogModuleManager: Shutting down and abandoning module MagicLeapIdentity (370)
[2022.10.24-18.45.14:266][  0]LogModuleManager: Shutting down and abandoning module MagicLeapHandTracking (368)
[2022.10.24-18.45.14:267][  0]LogModuleManager: Shutting down and abandoning module MagicLeapEyeTracker (366)
[2022.10.24-18.45.14:267][  0]LogModuleManager: Shutting down and abandoning module MagicLeapController (364)
[2022.10.24-18.45.14:267][  0]LogModuleManager: Shutting down and abandoning module MagicLeapARPinImpl (362)
[2022.10.24-18.45.14:267][  0]LogModuleManager: Shutting down and abandoning module MagicLeapAR (360)
[2022.10.24-18.45.14:267][  0]LogModuleManager: Shutting down and abandoning module PythonScriptPlugin (358)
[2022.10.24-18.45.14:267][  0]LogModuleManager: Shutting down and abandoning module NiagaraAnimNotifies (356)
[2022.10.24-18.45.14:267][  0]LogModuleManager: Shutting down and abandoning module Niagara (354)
[2022.10.24-18.45.14:269][  0]LogModuleManager: Shutting down and abandoning module SignalProcessing (353)
[2022.10.24-18.45.14:269][  0]LogModuleManager: Shutting down and abandoning module NiagaraEditor (351)
[2022.10.24-18.45.14:271][  0]LogModuleManager: Shutting down and abandoning module NiagaraCore (348)
[2022.10.24-18.45.14:271][  0]LogModuleManager: Shutting down and abandoning module PropertyAccessNode (346)
[2022.10.24-18.45.14:272][  0]LogModuleManager: Shutting down and abandoning module LightPropagationVolumeRuntime (344)
[2022.10.24-18.45.14:272][  0]LogModuleManager: Shutting down and abandoning module AnimationSharing (342)
[2022.10.24-18.45.14:272][  0]LogModuleManager: Shutting down and abandoning module GameplayTagsEditor (340)
[2022.10.24-18.45.14:273][  0]LogModuleManager: Shutting down and abandoning module FacialAnimationEditor (338)
[2022.10.24-18.45.14:273][  0]LogModuleManager: Shutting down and abandoning module FacialAnimation (336)
[2022.10.24-18.45.14:273][  0]LogModuleManager: Shutting down and abandoning module DataValidation (334)
[2022.10.24-18.45.14:273][  0]LogModuleManager: Shutting down and abandoning module AssetManagerEditor (332)
[2022.10.24-18.45.14:274][  0]LogModuleManager: Shutting down and abandoning module LevelEditor (331)
[2022.10.24-18.45.14:276][  0]LogModuleManager: Shutting down and abandoning module PixelInspectorModule (330)
[2022.10.24-18.45.14:276][  0]LogModuleManager: Shutting down and abandoning module CommonMenuExtensions (328)
[2022.10.24-18.45.14:276][  0]LogModuleManager: Shutting down and abandoning module MainFrame (326)
[2022.10.24-18.45.14:277][  0]LogModuleManager: Shutting down and abandoning module HotReload (325)
[2022.10.24-18.45.14:278][  0]LogModuleManager: Shutting down and abandoning module ToolMenus (321)
[2022.10.24-18.45.14:278][  0]LogModuleManager: Shutting down and abandoning module ContentBrowser (319)
[2022.10.24-18.45.14:279][  0]LogModuleManager: Shutting down and abandoning module ContentBrowserData (318)
[2022.10.24-18.45.14:279][  0]LogModuleManager: Shutting down and abandoning module TreeMap (315)
[2022.10.24-18.45.14:279][  0]LogModuleManager: Shutting down and abandoning module EnvironmentQueryEditor (312)
[2022.10.24-18.45.14:281][  0]LogModuleManager: Shutting down and abandoning module Paper2D (310)
[2022.10.24-18.45.14:281][  0]LogModuleManager: Shutting down and abandoning module WindowsMoviePlayer (308)
[2022.10.24-18.45.14:284][  0]LogModuleManager: Shutting down and abandoning module WebMMoviePlayer (306)
[2022.10.24-18.45.14:285][  0]LogModuleManager: Shutting down and abandoning module NetworkReplayStreaming (304)
[2022.10.24-18.45.14:285][  0]LogModuleManager: Shutting down and abandoning module PacketHandler (302)
[2022.10.24-18.45.14:285][  0]LogModuleManager: Shutting down and abandoning module ClothingSystemEditor (300)
[2022.10.24-18.45.14:285][  0]LogModuleManager: Shutting down and abandoning module ClothingSystemRuntimeNv (298)
[2022.10.24-18.45.14:286][  0]LogModuleManager: Shutting down and abandoning module MediaAssets (296)
[2022.10.24-18.45.14:286][  0]LogModuleManager: Shutting down and abandoning module Overlay (294)
[2022.10.24-18.45.14:286][  0]LogModuleManager: Shutting down and abandoning module OverlayEditor (293)
[2022.10.24-18.45.14:286][  0]LogModuleManager: Shutting down and abandoning module VREditor (290)
[2022.10.24-18.45.14:287][  0]LogModuleManager: Shutting down and abandoning module StringTableEditor (288)
[2022.10.24-18.45.14:287][  0]LogModuleManager: Shutting down and abandoning module GameplayTasksEditor (286)
[2022.10.24-18.45.14:288][  0]LogModuleManager: Shutting down and abandoning module BehaviorTreeEditor (284)
[2022.10.24-18.45.14:289][  0]LogModuleManager: Shutting down and abandoning module FunctionalTesting (282)
[2022.10.24-18.45.14:289][  0]LogModuleManager: Shutting down and abandoning module CollisionAnalyzer (280)
[2022.10.24-18.45.14:291][  0]LogModuleManager: Shutting down and abandoning module WorkspaceMenuStructure (279)
[2022.10.24-18.45.14:291][  0]LogModuleManager: Shutting down and abandoning module UMG (276)
[2022.10.24-18.45.14:291][  0]LogModuleManager: Shutting down and abandoning module UMGEditor (275)
[2022.10.24-18.45.14:293][  0]LogModuleManager: Shutting down and abandoning module MessageLog (273)
[2022.10.24-18.45.14:293][  0]LogModuleManager: Shutting down and abandoning module SlateReflector (268)
[2022.10.24-18.45.14:296][  0]LogModuleManager: Shutting down and abandoning module Slate (266)
[2022.10.24-18.45.14:296][  0]LogModuleManager: Shutting down and abandoning module SlateCore (264)
[2022.10.24-18.45.14:297][  0]LogModuleManager: Shutting down and abandoning module LandscapeEditorUtilities (262)
[2022.10.24-18.45.14:297][  0]LogModuleManager: Shutting down and abandoning module UnrealEd (260)
[2022.10.24-18.45.14:298][  0]LogModuleManager: Shutting down and abandoning module MRMesh (258)
[2022.10.24-18.45.14:298][  0]LogModuleManager: Shutting down and abandoning module SourceCodeAccess (256)
[2022.10.24-18.45.14:298][  0]LogModuleManager: Shutting down and abandoning module HeadMountedDisplay (254)
[2022.10.24-18.45.14:298][  0]LogModuleManager: Shutting down and abandoning module XAudio2 (252)
[2022.10.24-18.45.14:298][  0]LogModuleManager: Shutting down and abandoning module Networking (250)
[2022.10.24-18.45.14:298][  0]LogModuleManager: Shutting down and abandoning module Core (248)
[2022.10.24-18.45.14:298][  0]LogModuleManager: Shutting down and abandoning module MaterialEditor (246)
[2022.10.24-18.45.14:299][  0]LogModuleManager: Shutting down and abandoning module MovieSceneTools (244)
[2022.10.24-18.45.14:301][  0]LogModuleManager: Shutting down and abandoning module CurveEditor (243)
[2022.10.24-18.45.14:302][  0]LogModuleManager: Shutting down and abandoning module Sequencer (241)
[2022.10.24-18.45.14:304][  0]LogModuleManager: Shutting down and abandoning module EditorStyle (240)
[2022.10.24-18.45.14:308][  0]LogModuleManager: Shutting down and abandoning module KismetCompiler (236)
[2022.10.24-18.45.14:308][  0]LogModuleManager: Shutting down and abandoning module MeshBuilder (234)
[2022.10.24-18.45.14:309][  0]LogModuleManager: Shutting down and abandoning module MeshUtilities (232)
[2022.10.24-18.45.14:309][  0]LogModuleManager: Shutting down and abandoning module MeshMergeUtilities (231)
[2022.10.24-18.45.14:310][  0]LogModuleManager: Shutting down and abandoning module MeshReductionInterface (230)
[2022.10.24-18.45.14:310][  0]LogModuleManager: Shutting down and abandoning module MeshBoneReduction (229)
[2022.10.24-18.45.14:310][  0]LogModuleManager: Shutting down and abandoning module SkeletalMeshReduction (227)
[2022.10.24-18.45.14:310][  0]LogModuleManager: Shutting down and abandoning module ProxyLODMeshReduction (225)
[2022.10.24-18.45.14:311][  0]LogModuleManager: Shutting down and abandoning module QuadricMeshReduction (223)
[2022.10.24-18.45.14:312][  0]LogModuleManager: Shutting down and abandoning module MaterialBaking (219)
[2022.10.24-18.45.14:312][  0]LogModuleManager: Shutting down and abandoning module NullInstallBundleManager (214)
[2022.10.24-18.45.14:312][  0]LogModuleManager: Shutting down and abandoning module DerivedDataCache (212)
[2022.10.24-18.45.14:313][  0]LogModuleManager: Shutting down and abandoning module TargetPlatform (210)
[2022.10.24-18.45.14:313][  0]LogModuleManager: Shutting down and abandoning module VulkanShaderFormat (209)
[2022.10.24-18.45.14:315][  0]LogModuleManager: Shutting down and abandoning module ShaderFormatVectorVM (207)
[2022.10.24-18.45.14:316][  0]LogModuleManager: Shutting down and abandoning module ShaderFormatOpenGL (205)
[2022.10.24-18.45.14:316][  0]LogModuleManager: Shutting down and abandoning module ShaderFormatD3D (203)
[2022.10.24-18.45.14:316][  0]LogModuleManager: Shutting down and abandoning module MetalShaderFormat (201)
[2022.10.24-18.45.14:316][  0]LogModuleManager: Shutting down and abandoning module TextureFormatOodle (199)
[2022.10.24-18.45.14:317][  0]LogModuleManager: Shutting down and abandoning module TextureFormatUncompressed (197)
[2022.10.24-18.45.14:317][  0]LogModuleManager: Shutting down and abandoning module TextureFormatPVR (195)
[2022.10.24-18.45.14:317][  0]LogModuleManager: Shutting down and abandoning module TextureFormatETC2 (193)
[2022.10.24-18.45.14:317][  0]LogModuleManager: Shutting down and abandoning module TextureFormatDXT (191)
[2022.10.24-18.45.14:317][  0]LogModuleManager: Shutting down and abandoning module TextureFormatIntelISPCTexComp (189)
[2022.10.24-18.45.14:318][  0]LogModuleManager: Shutting down and abandoning module TextureFormatASTC (187)
[2022.10.24-18.45.14:318][  0]LogModuleManager: Shutting down and abandoning module ImageWrapper (186)
[2022.10.24-18.45.14:318][  0]LogModuleManager: Shutting down and abandoning module AudioFormatOpus (183)
[2022.10.24-18.45.14:318][  0]LogModuleManager: Shutting down and abandoning module AudioFormatOgg (181)
[2022.10.24-18.45.14:318][  0]LogModuleManager: Shutting down and abandoning module AudioFormatADPCM (179)
[2022.10.24-18.45.14:318][  0]LogModuleManager: Shutting down and abandoning module WindowsServerTargetPlatform (177)
[2022.10.24-18.45.14:318][  0]LogModuleManager: Shutting down and abandoning module WindowsClientTargetPlatform (175)
[2022.10.24-18.45.14:318][  0]LogModuleManager: Shutting down and abandoning module WindowsTargetPlatform (173)
[2022.10.24-18.45.14:318][  0]LogModuleManager: Shutting down and abandoning module WindowsNoEditorTargetPlatform (171)
[2022.10.24-18.45.14:319][  0]LogModuleManager: Shutting down and abandoning module TVOSTargetPlatform (169)
[2022.10.24-18.45.14:323][  0]LogModuleManager: Shutting down and abandoning module MacServerTargetPlatform (167)
[2022.10.24-18.45.14:323][  0]LogModuleManager: Shutting down and abandoning module MacClientTargetPlatform (165)
[2022.10.24-18.45.14:323][  0]LogModuleManager: Shutting down and abandoning module MacTargetPlatform (163)
[2022.10.24-18.45.14:323][  0]LogModuleManager: Shutting down and abandoning module MacNoEditorTargetPlatform (161)
[2022.10.24-18.45.14:324][  0]LogModuleManager: Shutting down and abandoning module LuminTargetPlatform (159)
[2022.10.24-18.45.14:324][  0]LogModuleManager: Shutting down and abandoning module LinuxAArch64ServerTargetPlatform (157)
[2022.10.24-18.45.14:324][  0]LogModuleManager: Shutting down and abandoning module LinuxAArch64ClientTargetPlatform (155)
[2022.10.24-18.45.14:324][  0]LogModuleManager: Shutting down and abandoning module LinuxAArch64NoEditorTargetPlatform (153)
[2022.10.24-18.45.14:324][  0]LogModuleManager: Shutting down and abandoning module LinuxServerTargetPlatform (151)
[2022.10.24-18.45.14:324][  0]LogModuleManager: Shutting down and abandoning module LinuxClientTargetPlatform (149)
[2022.10.24-18.45.14:325][  0]LogModuleManager: Shutting down and abandoning module LinuxNoEditorTargetPlatform (147)
[2022.10.24-18.45.14:325][  0]LogModuleManager: Shutting down and abandoning module LinuxTargetPlatform (145)
[2022.10.24-18.45.14:325][  0]LogModuleManager: Shutting down and abandoning module Messaging (143)
[2022.10.24-18.45.14:325][  0]LogModuleManager: Shutting down and abandoning module IOSTargetPlatform (141)
[2022.10.24-18.45.14:325][  0]LogModuleManager: Shutting down and abandoning module AndroidTargetPlatform (139)
[2022.10.24-18.45.14:329][  0]LogModuleManager: Shutting down and abandoning module AllDesktopTargetPlatform (137)
[2022.10.24-18.45.14:329][  0]LogModuleManager: Shutting down and abandoning module D3D11RHI (134)
[2022.10.24-18.45.14:329][  0]LogModuleManager: Shutting down and abandoning module InputCore (132)
[2022.10.24-18.45.14:329][  0]LogModuleManager: Shutting down and abandoning module Settings (130)
[2022.10.24-18.45.14:329][  0]LogModuleManager: Shutting down and abandoning module DirectoryWatcher (128)
[2022.10.24-18.45.14:329][  0]LogModuleManager: Shutting down and abandoning module PhysXCooking (126)
[2022.10.24-18.45.14:330][  0]LogModuleManager: Shutting down and abandoning module Chaos (124)
[2022.10.24-18.45.14:330][  0]LogModuleManager: Shutting down and abandoning module WindowsPlatformFeatures (122)
[2022.10.24-18.45.14:331][  0]LogModuleManager: Shutting down and abandoning module GameplayMediaEncoder (121)
[2022.10.24-18.45.14:332][  0]LogModuleManager: Shutting down and abandoning module AVEncoder (120)
[2022.10.24-18.45.14:332][  0]LogModuleManager: Shutting down and abandoning module SteamVRInputDevice (116)
[2022.10.24-18.45.14:332][  0]LogModuleManager: Shutting down and abandoning module SteamVRInput (114)
[2022.10.24-18.45.14:332][  0]LogModuleManager: Shutting down and abandoning module SteamVR (112)
[2022.10.24-18.45.14:333][  0]LogHMD: Freeing OpenVRDLLHandle.
[2022.10.24-18.45.14:333][  0]LogModuleManager: Shutting down and abandoning module OculusHMD (110)
[2022.10.24-18.45.14:333][  0]LogModuleManager: Shutting down and abandoning module OpenXRAR (108)
[2022.10.24-18.45.14:334][  0]LogModuleManager: Shutting down and abandoning module AugmentedReality (107)
[2022.10.24-18.45.14:334][  0]LogModuleManager: Shutting down and abandoning module OpenXRHandTracking (104)
[2022.10.24-18.45.14:334][  0]LogModuleManager: Shutting down and abandoning module OpenXRHMD (103)
[2022.10.24-18.45.14:334][  0]LogModuleManager: Shutting down and abandoning module OpenXREyeTracker (100)
[2022.10.24-18.45.14:334][  0]LogModuleManager: Shutting down and abandoning module ExampleDeviceProfileSelector (98)
[2022.10.24-18.45.14:334][  0]LogModuleManager: Shutting down and abandoning module ChunkDownloader (96)
[2022.10.24-18.45.14:335][  0]LogModuleManager: Shutting down and abandoning module OnlineBlueprintSupport (94)
[2022.10.24-18.45.14:335][  0]LogModuleManager: Shutting down and abandoning module OnlineSubsystem (90)
[2022.10.24-18.45.14:338][  0]LogModuleManager: Shutting down and abandoning module XMPP (85)
[2022.10.24-18.45.14:340][  0]LogModuleManager: Shutting down and abandoning module WebSockets (84)
[2022.10.24-18.45.14:347][  0]LogModuleManager: Shutting down and abandoning module HTTP (81)
[2022.10.24-18.45.14:348][  0]LogHttp: Display: cleaning up 0 outstanding Http requests.
[2022.10.24-18.45.14:372][  0]LogModuleManager: Shutting down and abandoning module SSL (80)
[2022.10.24-18.45.14:375][  0]LogModuleManager: Shutting down and abandoning module LauncherChunkInstaller (76)
[2022.10.24-18.45.14:375][  0]LogModuleManager: Shutting down and abandoning module WmfMedia (74)
[2022.10.24-18.45.14:386][  0]LogModuleManager: Shutting down and abandoning module Media (73)
[2022.10.24-18.45.14:387][  0]LogModuleManager: Shutting down and abandoning module MediaInfo (72)
[2022.10.24-18.45.14:387][  0]LogModuleManager: Shutting down and abandoning module ExrReaderGpu (68)
[2022.10.24-18.45.14:388][  0]LogModuleManager: Shutting down and abandoning module MLSDK (66)
[2022.10.24-18.45.14:388][  0]LogModuleManager: Shutting down and abandoning module MagicLeap (64)
[2022.10.24-18.45.14:388][  0]LogModuleManager: Shutting down and abandoning module NiagaraVertexFactories (62)
[2022.10.24-18.45.14:388][  0]LogModuleManager: Shutting down and abandoning module NiagaraShader (60)
[2022.10.24-18.45.14:388][  0]LogModuleManager: Shutting down and abandoning module ChaosCloth (58)
[2022.10.24-18.45.14:389][  0]LogModuleManager: Shutting down and abandoning module VariantManagerContent (56)
[2022.10.24-18.45.14:389][  0]LogModuleManager: Shutting down and abandoning module DatasmithContent (54)
[2022.10.24-18.45.14:389][  0]LogModuleManager: Shutting down and abandoning module PixWinPlugin (52)
[2022.10.24-18.45.14:390][  0]LogModuleManager: Shutting down and abandoning module AISupportModule (50)
[2022.10.24-18.45.14:390][  0]LogModuleManager: Shutting down and abandoning module DesktopPlatform (48)
[2022.10.24-18.45.14:390][  0]LogModuleManager: Shutting down and abandoning module PythonScriptPluginPreload (46)
[2022.10.24-18.45.14:390][  0]LogModuleManager: Shutting down and abandoning module PlatformCryptoOpenSSL (44)
[2022.10.24-18.45.14:390][  0]LogModuleManager: Shutting down and abandoning module PlatformCryptoTypes (42)
[2022.10.24-18.45.14:390][  0]LogModuleManager: Shutting down and abandoning module PlatformCrypto (40)
[2022.10.24-18.45.14:390][  0]LogModuleManager: Shutting down and abandoning module OodleDataCompressionFormat (38)
[2022.10.24-18.45.14:390][  0]LogModuleManager: Shutting down and abandoning module XGEController (36)
[2022.10.24-18.45.14:391][  0]LogXGEController: Cleaning working directory: C:/Users/Usuario/AppData/Local/Temp/UnrealXGEWorkingDir/
[2022.10.24-18.45.14:391][  0]LogModuleManager: Shutting down and abandoning module AnimationModifiers (34)
[2022.10.24-18.45.14:391][  0]LogModuleManager: Shutting down and abandoning module AudioEditor (32)
[2022.10.24-18.45.14:393][  0]LogModuleManager: Shutting down and abandoning module PropertyEditor (31)
[2022.10.24-18.45.14:393][  0]LogModuleManager: Shutting down and abandoning module TextureCompressor (28)
[2022.10.24-18.45.14:394][  0]LogModuleManager: Shutting down and abandoning module RenderCore (26)
[2022.10.24-18.45.14:394][  0]LogModuleManager: Shutting down and abandoning module Landscape (24)
[2022.10.24-18.45.14:394][  0]LogModuleManager: Shutting down and abandoning module SlateRHIRenderer (22)
[2022.10.24-18.45.14:395][  0]LogModuleManager: Shutting down and abandoning module AnimGraphRuntime (20)
[2022.10.24-18.45.14:395][  0]LogModuleManager: Shutting down and abandoning module Renderer (18)
[2022.10.24-18.45.14:395][  0]LogModuleManager: Shutting down and abandoning module Engine (16)
[2022.10.24-18.45.14:395][  0]LogModuleManager: Shutting down and abandoning module CoreUObject (14)
[2022.10.24-18.45.14:396][  0]LogModuleManager: Shutting down and abandoning module NetworkFile (12)
[2022.10.24-18.45.14:396][  0]LogModuleManager: Shutting down and abandoning module CookedIterativeFile (10)
[2022.10.24-18.45.14:396][  0]LogModuleManager: Shutting down and abandoning module StreamingFile (8)
[2022.10.24-18.45.14:396][  0]LogModuleManager: Shutting down and abandoning module SandboxFile (6)
[2022.10.24-18.45.14:396][  0]LogModuleManager: Shutting down and abandoning module PakFile (4)
[2022.10.24-18.45.14:396][  0]LogModuleManager: Shutting down and abandoning module RSA (3)
[2022.10.24-18.45.14:742][  0]LogD3D11RHI: Shutdown
[2022.10.24-18.45.14:742][  0]LogD3D11RHI: CleanupD3DDevice
[2022.10.24-18.45.14:799][  0]LogExit: Exiting.
[2022.10.24-18.45.14:823][  0]Log file closed, 10/24/22 14:45:14
